{"/home/travis/build/npmtest/node-npmtest-ursa/test.js":{"path":"/home/travis/build/npmtest/node-npmtest-ursa/test.js","s":{"1":2,"2":2,"3":2,"4":2,"5":2,"6":2,"7":2,"8":1,"9":2,"10":2,"11":1,"12":1,"13":1,"14":1,"15":2,"16":2,"17":2,"18":2,"19":1,"20":1,"21":2,"22":2,"23":2,"24":1,"25":1,"26":1,"27":1,"28":1,"29":1,"30":1,"31":1,"32":1,"33":1,"34":1,"35":1,"36":1,"37":1,"38":1,"39":2,"40":2,"41":1,"42":2,"43":2,"44":1,"45":2,"46":2,"47":1,"48":2,"49":2,"50":1,"51":1,"52":1,"53":1,"54":1},"b":{"1":[2,1,1,1],"2":[1,1,1,1],"3":[1,1],"4":[1,1],"5":[1,1],"6":[1,1],"7":[1,1],"8":[1,1],"9":[1,1],"10":[1,1,1],"11":[1,1],"12":[1,1],"13":[1,1],"14":[1,1],"15":[1,1],"16":[1,1],"17":[1,1]},"f":{"1":2,"2":2,"3":2,"4":2,"5":2,"6":1,"7":1,"8":1,"9":2,"10":2,"11":2,"12":2,"13":1},"fnMap":{"1":{"name":"(anonymous_1)","line":12,"loc":{"start":{"line":12,"column":1},"end":{"line":12,"column":13}}},"2":{"name":"(anonymous_2)","line":19,"loc":{"start":{"line":19,"column":5},"end":{"line":19,"column":17}}},"3":{"name":"(anonymous_3)","line":23,"loc":{"start":{"line":23,"column":24},"end":{"line":23,"column":36}}},"4":{"name":"(anonymous_4)","line":61,"loc":{"start":{"line":61,"column":5},"end":{"line":61,"column":17}}},"5":{"name":"(anonymous_5)","line":82,"loc":{"start":{"line":82,"column":5},"end":{"line":82,"column":17}}},"6":{"name":"(anonymous_6)","line":91,"loc":{"start":{"line":91,"column":77},"end":{"line":94,"column":10}}},"7":{"name":"(anonymous_7)","line":112,"loc":{"start":{"line":112,"column":83},"end":{"line":115,"column":10}},"skip":true},"8":{"name":"(anonymous_8)","line":123,"loc":{"start":{"line":123,"column":77},"end":{"line":126,"column":10}},"skip":true},"9":{"name":"(anonymous_9)","line":139,"loc":{"start":{"line":139,"column":12},"end":{"line":139,"column":40}},"skip":true},"10":{"name":"(anonymous_10)","line":147,"loc":{"start":{"line":147,"column":77},"end":{"line":150,"column":10}},"skip":true},"11":{"name":"(anonymous_11)","line":158,"loc":{"start":{"line":158,"column":83},"end":{"line":161,"column":10}},"skip":true},"12":{"name":"(anonymous_12)","line":169,"loc":{"start":{"line":169,"column":79},"end":{"line":172,"column":10}},"skip":true},"13":{"name":"(anonymous_13)","line":180,"loc":{"start":{"line":180,"column":75},"end":{"line":183,"column":10}},"skip":true}},"statementMap":{"1":{"start":{"line":12,"column":0},"end":{"line":195,"column":5}},"2":{"start":{"line":14,"column":4},"end":{"line":14,"column":14}},"3":{"start":{"line":19,"column":4},"end":{"line":56,"column":9}},"4":{"start":{"line":21,"column":8},"end":{"line":21,"column":19}},"5":{"start":{"line":23,"column":8},"end":{"line":35,"column":13}},"6":{"start":{"line":24,"column":12},"end":{"line":34,"column":13}},"7":{"start":{"line":25,"column":16},"end":{"line":28,"column":30}},"8":{"start":{"line":30,"column":16},"end":{"line":33,"column":27}},"9":{"start":{"line":37,"column":8},"end":{"line":39,"column":21}},"10":{"start":{"line":40,"column":8},"end":{"line":53,"column":9}},"11":{"start":{"line":43,"column":12},"end":{"line":46,"column":14}},"12":{"start":{"line":47,"column":12},"end":{"line":47,"column":18}},"13":{"start":{"line":50,"column":12},"end":{"line":51,"column":46}},"14":{"start":{"line":52,"column":12},"end":{"line":52,"column":18}},"15":{"start":{"line":55,"column":8},"end":{"line":55,"column":35}},"16":{"start":{"line":61,"column":4},"end":{"line":63,"column":9}},"17":{"start":{"line":62,"column":8},"end":{"line":62,"column":15}},"18":{"start":{"line":64,"column":4},"end":{"line":77,"column":5}},"19":{"start":{"line":70,"column":8},"end":{"line":70,"column":14}},"20":{"start":{"line":76,"column":8},"end":{"line":76,"column":14}},"21":{"start":{"line":82,"column":4},"end":{"line":84,"column":9}},"22":{"start":{"line":83,"column":8},"end":{"line":83,"column":15}},"23":{"start":{"line":85,"column":4},"end":{"line":194,"column":5}},"24":{"start":{"line":91,"column":8},"end":{"line":99,"column":10}},"25":{"start":{"line":98,"column":12},"end":{"line":98,"column":35}},"26":{"start":{"line":102,"column":8},"end":{"line":104,"column":63}},"27":{"start":{"line":105,"column":8},"end":{"line":105,"column":14}},"28":{"start":{"line":112,"column":8},"end":{"line":121,"column":10},"skip":true},"29":{"start":{"line":119,"column":12},"end":{"line":119,"column":55},"skip":true},"30":{"start":{"line":120,"column":12},"end":{"line":120,"column":48},"skip":true},"31":{"start":{"line":123,"column":8},"end":{"line":136,"column":10},"skip":true},"32":{"start":{"line":130,"column":12},"end":{"line":130,"column":76},"skip":true},"33":{"start":{"line":131,"column":12},"end":{"line":131,"column":73},"skip":true},"34":{"start":{"line":132,"column":12},"end":{"line":132,"column":74},"skip":true},"35":{"start":{"line":133,"column":12},"end":{"line":133,"column":79},"skip":true},"36":{"start":{"line":134,"column":12},"end":{"line":134,"column":25},"skip":true},"37":{"start":{"line":135,"column":12},"end":{"line":135,"column":45},"skip":true},"38":{"start":{"line":138,"column":8},"end":{"line":145,"column":14},"skip":true},"39":{"start":{"line":143,"column":16},"end":{"line":143,"column":29},"skip":true},"40":{"start":{"line":144,"column":16},"end":{"line":144,"column":55},"skip":true},"41":{"start":{"line":147,"column":8},"end":{"line":156,"column":10},"skip":true},"42":{"start":{"line":154,"column":12},"end":{"line":154,"column":25},"skip":true},"43":{"start":{"line":155,"column":12},"end":{"line":155,"column":45},"skip":true},"44":{"start":{"line":158,"column":8},"end":{"line":167,"column":10},"skip":true},"45":{"start":{"line":165,"column":12},"end":{"line":165,"column":25},"skip":true},"46":{"start":{"line":166,"column":12},"end":{"line":166,"column":48},"skip":true},"47":{"start":{"line":169,"column":8},"end":{"line":178,"column":10},"skip":true},"48":{"start":{"line":176,"column":12},"end":{"line":176,"column":25},"skip":true},"49":{"start":{"line":177,"column":12},"end":{"line":177,"column":46},"skip":true},"50":{"start":{"line":180,"column":8},"end":{"line":189,"column":10},"skip":true},"51":{"start":{"line":187,"column":12},"end":{"line":187,"column":94},"skip":true},"52":{"start":{"line":188,"column":12},"end":{"line":188,"column":48},"skip":true},"53":{"start":{"line":192,"column":8},"end":{"line":192,"column":35},"skip":true},"54":{"start":{"line":193,"column":8},"end":{"line":193,"column":14},"skip":true}},"branchMap":{"1":{"line":25,"type":"binary-expr","locations":[{"start":{"line":25,"column":23},"end":{"line":25,"column":62}},{"start":{"line":26,"column":20},"end":{"line":26,"column":70}},{"start":{"line":27,"column":20},"end":{"line":27,"column":71}},{"start":{"line":28,"column":20},"end":{"line":28,"column":29}}]},"2":{"line":30,"type":"binary-expr","locations":[{"start":{"line":30,"column":23},"end":{"line":30,"column":37}},{"start":{"line":31,"column":20},"end":{"line":31,"column":61}},{"start":{"line":32,"column":20},"end":{"line":32,"column":70}},{"start":{"line":33,"column":20},"end":{"line":33,"column":26}}]},"3":{"line":37,"type":"cond-expr","locations":[{"start":{"line":38,"column":14},"end":{"line":38,"column":20}},{"start":{"line":39,"column":14},"end":{"line":39,"column":20}}]},"4":{"line":40,"type":"switch","locations":[{"start":{"line":42,"column":8},"end":{"line":47,"column":18}},{"start":{"line":49,"column":8},"end":{"line":52,"column":18}}]},"5":{"line":44,"type":"binary-expr","locations":[{"start":{"line":44,"column":16},"end":{"line":44,"column":44}},{"start":{"line":44,"column":48},"end":{"line":44,"column":66}}]},"6":{"line":50,"type":"binary-expr","locations":[{"start":{"line":50,"column":21},"end":{"line":50,"column":49}},{"start":{"line":50,"column":53},"end":{"line":50,"column":72}}]},"7":{"line":64,"type":"switch","locations":[{"start":{"line":69,"column":4},"end":{"line":70,"column":14}},{"start":{"line":75,"column":4},"end":{"line":76,"column":14}}]},"8":{"line":85,"type":"switch","locations":[{"start":{"line":90,"column":4},"end":{"line":105,"column":14}},{"start":{"line":111,"column":4},"end":{"line":193,"column":14},"skip":true}]},"9":{"line":91,"type":"binary-expr","locations":[{"start":{"line":91,"column":42},"end":{"line":91,"column":73}},{"start":{"line":91,"column":77},"end":{"line":99,"column":9}}]},"10":{"line":102,"type":"binary-expr","locations":[{"start":{"line":102,"column":18},"end":{"line":102,"column":32}},{"start":{"line":103,"column":12},"end":{"line":103,"column":53}},{"start":{"line":104,"column":12},"end":{"line":104,"column":61}}]},"11":{"line":112,"type":"binary-expr","locations":[{"start":{"line":112,"column":45},"end":{"line":112,"column":79},"skip":true},{"start":{"line":112,"column":83},"end":{"line":121,"column":9},"skip":true}]},"12":{"line":123,"type":"binary-expr","locations":[{"start":{"line":123,"column":42},"end":{"line":123,"column":73},"skip":true},{"start":{"line":123,"column":77},"end":{"line":136,"column":9},"skip":true}]},"13":{"line":138,"type":"binary-expr","locations":[{"start":{"line":138,"column":48},"end":{"line":138,"column":85},"skip":true},{"start":{"line":139,"column":12},"end":{"line":145,"column":13},"skip":true}]},"14":{"line":147,"type":"binary-expr","locations":[{"start":{"line":147,"column":42},"end":{"line":147,"column":73},"skip":true},{"start":{"line":147,"column":77},"end":{"line":156,"column":9},"skip":true}]},"15":{"line":158,"type":"binary-expr","locations":[{"start":{"line":158,"column":45},"end":{"line":158,"column":79},"skip":true},{"start":{"line":158,"column":83},"end":{"line":167,"column":9},"skip":true}]},"16":{"line":169,"type":"binary-expr","locations":[{"start":{"line":169,"column":43},"end":{"line":169,"column":75},"skip":true},{"start":{"line":169,"column":79},"end":{"line":178,"column":9},"skip":true}]},"17":{"line":180,"type":"binary-expr","locations":[{"start":{"line":180,"column":41},"end":{"line":180,"column":71},"skip":true},{"start":{"line":180,"column":75},"end":{"line":189,"column":9},"skip":true}]}},"code":["/* istanbul instrument in package npmtest_ursa */","/*jslint","    bitwise: true,","    browser: true,","    maxerr: 8,","    maxlen: 96,","    node: true,","    nomen: true,","    regexp: true,","    stupid: true","*/","(function () {","    'use strict';","    var local;","","","","    // run shared js-env code - pre-init","    (function () {","        // init local","        local = {};","        // init modeJs","        local.modeJs = (function () {","            try {","                return typeof navigator.userAgent === 'string' &&","                    typeof document.querySelector('body') === 'object' &&","                    typeof XMLHttpRequest.prototype.open === 'function' &&","                    'browser';","            } catch (errorCaughtBrowser) {","                return module.exports &&","                    typeof process.versions.node === 'string' &&","                    typeof require('http').createServer === 'function' &&","                    'node';","            }","        }());","        // init global","        local.global = local.modeJs === 'browser'","            ? window","            : global;","        switch (local.modeJs) {","        // re-init local from window.local","        case 'browser':","            local = local.global.utility2.objectSetDefault(","                local.global.utility2_rollup || local.global.local,","                local.global.utility2","            );","            break;","        // re-init local from example.js","        case 'node':","            local = (local.global.utility2_rollup || require('utility2'))","                .requireExampleJsFromReadme();","            break;","        }","        // export local","        local.global.local = local;","    }());","","","","    // run shared js-env code - function","    (function () {","        return;","    }());","    switch (local.modeJs) {","","","","    // run browser js-env code - function","    case 'browser':","        break;","","","","    // run node js-env code - function","    case 'node':","        break;","    }","","","","    // run shared js-env code - post-init","    (function () {","        return;","    }());","    switch (local.modeJs) {","","","","    // run browser js-env code - post-init","    case 'browser':","        local.testCase_browser_nullCase = local.testCase_browser_nullCase || function (","            options,","            onError","        ) {","        /*","         * this function will test browsers's null-case handling-behavior-behavior","         */","            onError(null, options);","        };","","        // run tests","        local.nop(local.modeTest &&","            document.querySelector('#testRunButton1') &&","            document.querySelector('#testRunButton1').click());","        break;","","","","    // run node js-env code - post-init","    /* istanbul ignore next */","    case 'node':","        local.testCase_buildApidoc_default = local.testCase_buildApidoc_default || function (","            options,","            onError","        ) {","        /*","         * this function will test buildApidoc's default handling-behavior-behavior","         */","            options = { modulePathList: module.paths };","            local.buildApidoc(options, onError);","        };","","        local.testCase_buildApp_default = local.testCase_buildApp_default || function (","            options,","            onError","        ) {","        /*","         * this function will test buildApp's default handling-behavior-behavior","         */","            local.testCase_buildReadme_default(options, local.onErrorThrow);","            local.testCase_buildLib_default(options, local.onErrorThrow);","            local.testCase_buildTest_default(options, local.onErrorThrow);","            local.testCase_buildCustomOrg_default(options, local.onErrorThrow);","            options = [];","            local.buildApp(options, onError);","        };","","        local.testCase_buildCustomOrg_default = local.testCase_buildCustomOrg_default ||","            function (options, onError) {","            /*","             * this function will test buildCustomOrg's default handling-behavior","             */","                options = {};","                local.buildCustomOrg(options, onError);","            };","","        local.testCase_buildLib_default = local.testCase_buildLib_default || function (","            options,","            onError","        ) {","        /*","         * this function will test buildLib's default handling-behavior","         */","            options = {};","            local.buildLib(options, onError);","        };","","        local.testCase_buildReadme_default = local.testCase_buildReadme_default || function (","            options,","            onError","        ) {","        /*","         * this function will test buildReadme's default handling-behavior-behavior","         */","            options = {};","            local.buildReadme(options, onError);","        };","","        local.testCase_buildTest_default = local.testCase_buildTest_default || function (","            options,","            onError","        ) {","        /*","         * this function will test buildTest's default handling-behavior","         */","            options = {};","            local.buildTest(options, onError);","        };","","        local.testCase_webpage_default = local.testCase_webpage_default || function (","            options,","            onError","        ) {","        /*","         * this function will test webpage's default handling-behavior","         */","            options = { modeCoverageMerge: true, url: local.serverLocalHost + '?modeTest=1' };","            local.browserTest(options, onError);","        };","","        // run test-server","        local.testRunServer(local);","        break;","    }","}());",""],"l":{"12":2,"14":2,"19":2,"21":2,"23":2,"24":2,"25":2,"30":1,"37":2,"40":2,"43":1,"47":1,"50":1,"52":1,"55":2,"61":2,"62":2,"64":2,"70":1,"76":1,"82":2,"83":2,"85":2,"91":1,"98":1,"102":1,"105":1,"112":1,"119":1,"120":1,"123":1,"130":1,"131":1,"132":1,"133":1,"134":1,"135":1,"138":1,"143":2,"144":2,"147":1,"154":2,"155":2,"158":1,"165":2,"166":2,"169":1,"176":2,"177":2,"180":1,"187":1,"188":1,"192":1,"193":1}},"/home/travis/build/npmtest/node-npmtest-ursa/lib.npmtest_ursa.js":{"path":"/home/travis/build/npmtest/node-npmtest-ursa/lib.npmtest_ursa.js","s":{"1":2,"2":2,"3":2,"4":2,"5":2,"6":2,"7":2,"8":1,"9":2,"10":2,"11":2,"12":2,"13":1,"14":1,"15":1,"16":1},"b":{"1":[2,1,1,1],"2":[1,1,1,1],"3":[1,1],"4":[2,2],"5":[1,1]},"f":{"1":2,"2":2,"3":2},"fnMap":{"1":{"name":"(anonymous_1)","line":12,"loc":{"start":{"line":12,"column":1},"end":{"line":12,"column":13}}},"2":{"name":"(anonymous_2)","line":19,"loc":{"start":{"line":19,"column":5},"end":{"line":19,"column":17}}},"3":{"name":"(anonymous_3)","line":23,"loc":{"start":{"line":23,"column":24},"end":{"line":23,"column":36}}}},"statementMap":{"1":{"start":{"line":12,"column":0},"end":{"line":53,"column":5}},"2":{"start":{"line":14,"column":4},"end":{"line":14,"column":14}},"3":{"start":{"line":19,"column":4},"end":{"line":52,"column":9}},"4":{"start":{"line":21,"column":8},"end":{"line":21,"column":19}},"5":{"start":{"line":23,"column":8},"end":{"line":35,"column":13}},"6":{"start":{"line":24,"column":12},"end":{"line":34,"column":13}},"7":{"start":{"line":25,"column":16},"end":{"line":28,"column":30}},"8":{"start":{"line":30,"column":16},"end":{"line":33,"column":27}},"9":{"start":{"line":37,"column":8},"end":{"line":39,"column":21}},"10":{"start":{"line":41,"column":8},"end":{"line":41,"column":54}},"11":{"start":{"line":43,"column":8},"end":{"line":43,"column":49}},"12":{"start":{"line":45,"column":8},"end":{"line":51,"column":9}},"13":{"start":{"line":46,"column":12},"end":{"line":46,"column":55}},"14":{"start":{"line":48,"column":12},"end":{"line":48,"column":35}},"15":{"start":{"line":49,"column":12},"end":{"line":49,"column":49}},"16":{"start":{"line":50,"column":12},"end":{"line":50,"column":43}}},"branchMap":{"1":{"line":25,"type":"binary-expr","locations":[{"start":{"line":25,"column":23},"end":{"line":25,"column":62}},{"start":{"line":26,"column":20},"end":{"line":26,"column":70}},{"start":{"line":27,"column":20},"end":{"line":27,"column":71}},{"start":{"line":28,"column":20},"end":{"line":28,"column":29}}]},"2":{"line":30,"type":"binary-expr","locations":[{"start":{"line":30,"column":23},"end":{"line":30,"column":37}},{"start":{"line":31,"column":20},"end":{"line":31,"column":61}},{"start":{"line":32,"column":20},"end":{"line":32,"column":70}},{"start":{"line":33,"column":20},"end":{"line":33,"column":26}}]},"3":{"line":37,"type":"cond-expr","locations":[{"start":{"line":38,"column":14},"end":{"line":38,"column":20}},{"start":{"line":39,"column":14},"end":{"line":39,"column":20}}]},"4":{"line":41,"type":"binary-expr","locations":[{"start":{"line":41,"column":16},"end":{"line":41,"column":44}},{"start":{"line":41,"column":48},"end":{"line":41,"column":53}}]},"5":{"line":45,"type":"if","locations":[{"start":{"line":45,"column":8},"end":{"line":45,"column":8}},{"start":{"line":45,"column":8},"end":{"line":45,"column":8}}]}},"code":["/* istanbul instrument in package npmtest_ursa */","/*jslint","    bitwise: true,","    browser: true,","    maxerr: 8,","    maxlen: 96,","    node: true,","    nomen: true,","    regexp: true,","    stupid: true","*/","(function () {","    'use strict';","    var local;","","","","    // run shared js-env code - pre-init","    (function () {","        // init local","        local = {};","        // init modeJs","        local.modeJs = (function () {","            try {","                return typeof navigator.userAgent === 'string' &&","                    typeof document.querySelector('body') === 'object' &&","                    typeof XMLHttpRequest.prototype.open === 'function' &&","                    'browser';","            } catch (errorCaughtBrowser) {","                return module.exports &&","                    typeof process.versions.node === 'string' &&","                    typeof require('http').createServer === 'function' &&","                    'node';","            }","        }());","        // init global","        local.global = local.modeJs === 'browser'","            ? window","            : global;","        // init utility2_rollup","        local = local.global.utility2_rollup || local;","        // init lib","        local.local = local.npmtest_ursa = local;","        // init exports","        if (local.modeJs === 'browser') {","            local.global.utility2_npmtest_ursa = local;","        } else {","            module.exports = local;","            module.exports.__dirname = __dirname;","            module.exports.module = module;","        }","    }());","}());",""],"l":{"12":2,"14":2,"19":2,"21":2,"23":2,"24":2,"25":2,"30":1,"37":2,"41":2,"43":2,"45":2,"46":1,"48":1,"49":1,"50":1}},"/home/travis/build/npmtest/node-npmtest-ursa/example.js":{"path":"/home/travis/build/npmtest/node-npmtest-ursa/example.js","s":{"1":2,"2":2,"3":2,"4":2,"5":2,"6":2,"7":2,"8":1,"9":2,"10":2,"11":2,"12":2,"13":1,"14":2,"15":2,"16":2,"17":2,"18":2,"19":0,"20":2,"21":1,"22":1,"23":1,"24":1,"25":1,"26":0,"27":0,"28":1,"29":1,"30":2,"31":0,"32":0,"33":0,"34":1,"35":2,"36":2,"37":3,"38":3,"39":3,"40":3,"41":0,"42":3,"43":3,"44":3,"45":1,"46":3,"47":1,"48":1,"49":1,"50":1,"51":1,"52":1,"53":1,"54":1,"55":1,"56":1,"57":0,"58":1,"59":6,"60":6,"61":1,"62":2,"63":0,"64":2,"65":1,"66":1,"67":0,"68":0,"69":0,"70":0,"71":0,"72":0,"73":0,"74":0,"75":0,"76":0,"77":0,"78":0,"79":0,"80":0,"81":0,"82":0,"83":0},"b":{"1":[2,1,1,1],"2":[1,1,1,1],"3":[1,1],"4":[2,2],"5":[1,1],"6":[1,1],"7":[2,0],"8":[2,1,1,1,1,1],"9":[0,2,0],"10":[1,1],"11":[2,1,1],"12":[1,0],"13":[0,2],"14":[2,0,0,0,0,0,0],"15":[0,3],"16":[3,0],"17":[1,1],"18":[0,1],"19":[1,2,0,2],"20":[1,0],"21":[1,1],"22":[0,0],"23":[0,0],"24":[0,0],"25":[0,0],"26":[0,0],"27":[0,0],"28":[0,0]},"f":{"1":2,"2":2,"3":2,"4":2,"5":2,"6":2,"7":3,"8":3,"9":3,"10":1,"11":6,"12":0},"fnMap":{"1":{"name":"(anonymous_1)","line":26,"loc":{"start":{"line":26,"column":1},"end":{"line":26,"column":13}}},"2":{"name":"(anonymous_2)","line":33,"loc":{"start":{"line":33,"column":5},"end":{"line":33,"column":17}}},"3":{"name":"(anonymous_3)","line":37,"loc":{"start":{"line":37,"column":24},"end":{"line":37,"column":36}}},"4":{"name":"(anonymous_4)","line":69,"loc":{"start":{"line":69,"column":31},"end":{"line":69,"column":48}},"skip":true},"5":{"name":"(anonymous_5)","line":78,"loc":{"start":{"line":78,"column":26},"end":{"line":78,"column":45}},"skip":true},"6":{"name":"(anonymous_6)","line":123,"loc":{"start":{"line":123,"column":33},"end":{"line":123,"column":48}},"skip":true},"7":{"name":"(anonymous_7)","line":125,"loc":{"start":{"line":125,"column":27},"end":{"line":125,"column":39}},"skip":true},"8":{"name":"(anonymous_8)","line":133,"loc":{"start":{"line":133,"column":59},"end":{"line":133,"column":74}},"skip":true},"9":{"name":"(anonymous_9)","line":143,"loc":{"start":{"line":143,"column":45},"end":{"line":143,"column":62}},"skip":true},"10":{"name":"(anonymous_10)","line":144,"loc":{"start":{"line":144,"column":73},"end":{"line":144,"column":92}},"skip":true},"11":{"name":"(anonymous_11)","line":272,"loc":{"start":{"line":272,"column":51},"end":{"line":272,"column":77}},"skip":true},"12":{"name":"(anonymous_12)","line":315,"loc":{"start":{"line":315,"column":32},"end":{"line":315,"column":61}},"skip":true}},"statementMap":{"1":{"start":{"line":26,"column":0},"end":{"line":326,"column":5}},"2":{"start":{"line":28,"column":4},"end":{"line":28,"column":14}},"3":{"start":{"line":33,"column":4},"end":{"line":60,"column":9}},"4":{"start":{"line":35,"column":8},"end":{"line":35,"column":19}},"5":{"start":{"line":37,"column":8},"end":{"line":49,"column":13}},"6":{"start":{"line":38,"column":12},"end":{"line":48,"column":13}},"7":{"start":{"line":39,"column":16},"end":{"line":42,"column":30}},"8":{"start":{"line":44,"column":16},"end":{"line":47,"column":27}},"9":{"start":{"line":51,"column":8},"end":{"line":53,"column":21}},"10":{"start":{"line":55,"column":8},"end":{"line":57,"column":45}},"11":{"start":{"line":59,"column":8},"end":{"line":59,"column":35}},"12":{"start":{"line":61,"column":4},"end":{"line":325,"column":5}},"13":{"start":{"line":69,"column":8},"end":{"line":121,"column":10},"skip":true},"14":{"start":{"line":70,"column":12},"end":{"line":88,"column":13},"skip":true},"15":{"start":{"line":76,"column":16},"end":{"line":87,"column":19},"skip":true},"16":{"start":{"line":79,"column":20},"end":{"line":86,"column":21},"skip":true},"17":{"start":{"line":82,"column":24},"end":{"line":82,"column":43},"skip":true},"18":{"start":{"line":83,"column":24},"end":{"line":83,"column":30},"skip":true},"19":{"start":{"line":85,"column":24},"end":{"line":85,"column":49},"skip":true},"20":{"start":{"line":89,"column":12},"end":{"line":107,"column":13},"skip":true},"21":{"start":{"line":92,"column":16},"end":{"line":102,"column":17},"skip":true},"22":{"start":{"line":93,"column":20},"end":{"line":93,"column":86},"skip":true},"23":{"start":{"line":94,"column":20},"end":{"line":95,"column":45},"skip":true},"24":{"start":{"line":96,"column":20},"end":{"line":96,"column":42},"skip":true},"25":{"start":{"line":97,"column":20},"end":{"line":97,"column":48},"skip":true},"26":{"start":{"line":100,"column":20},"end":{"line":100,"column":85},"skip":true},"27":{"start":{"line":101,"column":20},"end":{"line":101,"column":96},"skip":true},"28":{"start":{"line":103,"column":16},"end":{"line":103,"column":22},"skip":true},"29":{"start":{"line":106,"column":16},"end":{"line":106,"column":22},"skip":true},"30":{"start":{"line":108,"column":12},"end":{"line":120,"column":13},"skip":true},"31":{"start":{"line":114,"column":16},"end":{"line":119,"column":17},"skip":true},"32":{"start":{"line":116,"column":20},"end":{"line":116,"column":78},"skip":true},"33":{"start":{"line":118,"column":20},"end":{"line":118,"column":47},"skip":true},"34":{"start":{"line":123,"column":8},"end":{"line":141,"column":11},"skip":true},"35":{"start":{"line":124,"column":12},"end":{"line":124,"column":54},"skip":true},"36":{"start":{"line":125,"column":12},"end":{"line":140,"column":14},"skip":true},"37":{"start":{"line":126,"column":16},"end":{"line":126,"column":28},"skip":true},"38":{"start":{"line":127,"column":16},"end":{"line":127,"column":69},"skip":true},"39":{"start":{"line":128,"column":16},"end":{"line":128,"column":75},"skip":true},"40":{"start":{"line":129,"column":16},"end":{"line":131,"column":17},"skip":true},"41":{"start":{"line":130,"column":20},"end":{"line":130,"column":27},"skip":true},"42":{"start":{"line":133,"column":16},"end":{"line":137,"column":36},"skip":true},"43":{"start":{"line":134,"column":20},"end":{"line":136,"column":55},"skip":true},"44":{"start":{"line":139,"column":16},"end":{"line":139,"column":57},"skip":true},"45":{"start":{"line":143,"column":8},"end":{"line":147,"column":11},"skip":true},"46":{"start":{"line":144,"column":12},"end":{"line":146,"column":15},"skip":true},"47":{"start":{"line":145,"column":16},"end":{"line":145,"column":70},"skip":true},"48":{"start":{"line":149,"column":8},"end":{"line":149,"column":31},"skip":true},"49":{"start":{"line":150,"column":8},"end":{"line":150,"column":14},"skip":true},"50":{"start":{"line":158,"column":8},"end":{"line":158,"column":31},"skip":true},"51":{"start":{"line":160,"column":8},"end":{"line":160,"column":33},"skip":true},"52":{"start":{"line":161,"column":8},"end":{"line":161,"column":37},"skip":true},"53":{"start":{"line":162,"column":8},"end":{"line":162,"column":35},"skip":true},"54":{"start":{"line":164,"column":8},"end":{"line":164,"column":50},"skip":true},"55":{"start":{"line":166,"column":8},"end":{"line":256,"column":2},"skip":true},"56":{"start":{"line":258,"column":8},"end":{"line":286,"column":9},"skip":true},"57":{"start":{"line":259,"column":12},"end":{"line":269,"column":14},"skip":true},"58":{"start":{"line":271,"column":12},"end":{"line":285,"column":19},"skip":true},"59":{"start":{"line":274,"column":20},"end":{"line":274,"column":35},"skip":true},"60":{"start":{"line":275,"column":20},"end":{"line":284,"column":21},"skip":true},"61":{"start":{"line":277,"column":24},"end":{"line":277,"column":64},"skip":true},"62":{"start":{"line":279,"column":24},"end":{"line":279,"column":40},"skip":true},"63":{"start":{"line":281,"column":24},"end":{"line":281,"column":40},"skip":true},"64":{"start":{"line":283,"column":24},"end":{"line":283,"column":39},"skip":true},"65":{"start":{"line":288,"column":8},"end":{"line":290,"column":9},"skip":true},"66":{"start":{"line":289,"column":12},"end":{"line":289,"column":18},"skip":true},"67":{"start":{"line":291,"column":8},"end":{"line":293,"column":54},"skip":true},"68":{"start":{"line":296,"column":8},"end":{"line":301,"column":37},"skip":true},"69":{"start":{"line":303,"column":8},"end":{"line":303,"column":82},"skip":true},"70":{"start":{"line":306,"column":8},"end":{"line":308,"column":9},"skip":true},"71":{"start":{"line":307,"column":12},"end":{"line":307,"column":82},"skip":true},"72":{"start":{"line":310,"column":8},"end":{"line":312,"column":9},"skip":true},"73":{"start":{"line":311,"column":12},"end":{"line":311,"column":18},"skip":true},"74":{"start":{"line":313,"column":8},"end":{"line":313,"column":54},"skip":true},"75":{"start":{"line":314,"column":8},"end":{"line":314,"column":69},"skip":true},"76":{"start":{"line":315,"column":8},"end":{"line":323,"column":36},"skip":true},"77":{"start":{"line":316,"column":12},"end":{"line":316,"column":61},"skip":true},"78":{"start":{"line":317,"column":12},"end":{"line":320,"column":13},"skip":true},"79":{"start":{"line":318,"column":16},"end":{"line":318,"column":75},"skip":true},"80":{"start":{"line":319,"column":16},"end":{"line":319,"column":23},"skip":true},"81":{"start":{"line":321,"column":12},"end":{"line":321,"column":38},"skip":true},"82":{"start":{"line":322,"column":12},"end":{"line":322,"column":27},"skip":true},"83":{"start":{"line":324,"column":8},"end":{"line":324,"column":14},"skip":true}},"branchMap":{"1":{"line":39,"type":"binary-expr","locations":[{"start":{"line":39,"column":23},"end":{"line":39,"column":62}},{"start":{"line":40,"column":20},"end":{"line":40,"column":70}},{"start":{"line":41,"column":20},"end":{"line":41,"column":71}},{"start":{"line":42,"column":20},"end":{"line":42,"column":29}}]},"2":{"line":44,"type":"binary-expr","locations":[{"start":{"line":44,"column":23},"end":{"line":44,"column":37}},{"start":{"line":45,"column":20},"end":{"line":45,"column":61}},{"start":{"line":46,"column":20},"end":{"line":46,"column":70}},{"start":{"line":47,"column":20},"end":{"line":47,"column":26}}]},"3":{"line":51,"type":"cond-expr","locations":[{"start":{"line":52,"column":14},"end":{"line":52,"column":20}},{"start":{"line":53,"column":14},"end":{"line":53,"column":20}}]},"4":{"line":55,"type":"binary-expr","locations":[{"start":{"line":55,"column":16},"end":{"line":55,"column":44}},{"start":{"line":55,"column":49},"end":{"line":57,"column":43}}]},"5":{"line":55,"type":"cond-expr","locations":[{"start":{"line":56,"column":14},"end":{"line":56,"column":48}},{"start":{"line":57,"column":14},"end":{"line":57,"column":43}}]},"6":{"line":61,"type":"switch","locations":[{"start":{"line":68,"column":4},"end":{"line":150,"column":14},"skip":true},{"start":{"line":156,"column":4},"end":{"line":324,"column":14},"skip":true}]},"7":{"line":70,"type":"if","locations":[{"start":{"line":70,"column":12},"end":{"line":70,"column":12},"skip":true},{"start":{"line":70,"column":12},"end":{"line":70,"column":12},"skip":true}]},"8":{"line":70,"type":"binary-expr","locations":[{"start":{"line":70,"column":16},"end":{"line":70,"column":22},"skip":true},{"start":{"line":70,"column":27},"end":{"line":70,"column":32},"skip":true},{"start":{"line":71,"column":20},"end":{"line":71,"column":39},"skip":true},{"start":{"line":72,"column":20},"end":{"line":72,"column":49},"skip":true},{"start":{"line":73,"column":20},"end":{"line":73,"column":58},"skip":true},{"start":{"line":74,"column":20},"end":{"line":74,"column":69},"skip":true}]},"9":{"line":79,"type":"switch","locations":[{"start":{"line":80,"column":20},"end":{"line":80,"column":33},"skip":true},{"start":{"line":81,"column":20},"end":{"line":83,"column":30},"skip":true},{"start":{"line":84,"column":20},"end":{"line":85,"column":49},"skip":true}]},"10":{"line":89,"type":"switch","locations":[{"start":{"line":90,"column":12},"end":{"line":103,"column":22},"skip":true},{"start":{"line":105,"column":12},"end":{"line":106,"column":22},"skip":true}]},"11":{"line":89,"type":"binary-expr","locations":[{"start":{"line":89,"column":20},"end":{"line":89,"column":25},"skip":true},{"start":{"line":89,"column":29},"end":{"line":89,"column":48},"skip":true},{"start":{"line":89,"column":52},"end":{"line":89,"column":74},"skip":true}]},"12":{"line":92,"type":"if","locations":[{"start":{"line":92,"column":16},"end":{"line":92,"column":16},"skip":true},{"start":{"line":92,"column":16},"end":{"line":92,"column":16},"skip":true}]},"13":{"line":108,"type":"if","locations":[{"start":{"line":108,"column":12},"end":{"line":108,"column":12},"skip":true},{"start":{"line":108,"column":12},"end":{"line":108,"column":12},"skip":true}]},"14":{"line":108,"type":"binary-expr","locations":[{"start":{"line":108,"column":16},"end":{"line":108,"column":61},"skip":true},{"start":{"line":108,"column":66},"end":{"line":108,"column":72},"skip":true},{"start":{"line":108,"column":77},"end":{"line":108,"column":82},"skip":true},{"start":{"line":109,"column":20},"end":{"line":109,"column":39},"skip":true},{"start":{"line":110,"column":20},"end":{"line":110,"column":49},"skip":true},{"start":{"line":111,"column":20},"end":{"line":111,"column":58},"skip":true},{"start":{"line":112,"column":20},"end":{"line":112,"column":68},"skip":true}]},"15":{"line":129,"type":"if","locations":[{"start":{"line":129,"column":16},"end":{"line":129,"column":16},"skip":true},{"start":{"line":129,"column":16},"end":{"line":129,"column":16},"skip":true}]},"16":{"line":134,"type":"cond-expr","locations":[{"start":{"line":135,"column":26},"end":{"line":135,"column":29},"skip":true},{"start":{"line":136,"column":26},"end":{"line":136,"column":54},"skip":true}]},"17":{"line":164,"type":"binary-expr","locations":[{"start":{"line":164,"column":27},"end":{"line":164,"column":43},"skip":true},{"start":{"line":164,"column":47},"end":{"line":164,"column":49},"skip":true}]},"18":{"line":258,"type":"if","locations":[{"start":{"line":258,"column":8},"end":{"line":258,"column":8},"skip":true},{"start":{"line":258,"column":8},"end":{"line":258,"column":8},"skip":true}]},"19":{"line":275,"type":"switch","locations":[{"start":{"line":276,"column":20},"end":{"line":277,"column":64},"skip":true},{"start":{"line":278,"column":20},"end":{"line":279,"column":40},"skip":true},{"start":{"line":280,"column":20},"end":{"line":281,"column":40},"skip":true},{"start":{"line":282,"column":20},"end":{"line":283,"column":39},"skip":true}]},"20":{"line":288,"type":"if","locations":[{"start":{"line":288,"column":8},"end":{"line":288,"column":8},"skip":true},{"start":{"line":288,"column":8},"end":{"line":288,"column":8},"skip":true}]},"21":{"line":288,"type":"binary-expr","locations":[{"start":{"line":288,"column":12},"end":{"line":288,"column":40},"skip":true},{"start":{"line":288,"column":44},"end":{"line":288,"column":67},"skip":true}]},"22":{"line":292,"type":"binary-expr","locations":[{"start":{"line":292,"column":12},"end":{"line":292,"column":50},"skip":true},{"start":{"line":293,"column":12},"end":{"line":293,"column":53},"skip":true}]},"23":{"line":297,"type":"binary-expr","locations":[{"start":{"line":297,"column":12},"end":{"line":297,"column":62},"skip":true},{"start":{"line":298,"column":12},"end":{"line":301,"column":36},"skip":true}]},"24":{"line":303,"type":"binary-expr","locations":[{"start":{"line":303,"column":43},"end":{"line":303,"column":75},"skip":true},{"start":{"line":303,"column":79},"end":{"line":303,"column":81},"skip":true}]},"25":{"line":306,"type":"if","locations":[{"start":{"line":306,"column":8},"end":{"line":306,"column":8},"skip":true},{"start":{"line":306,"column":8},"end":{"line":306,"column":8},"skip":true}]},"26":{"line":310,"type":"if","locations":[{"start":{"line":310,"column":8},"end":{"line":310,"column":8},"skip":true},{"start":{"line":310,"column":8},"end":{"line":310,"column":8},"skip":true}]},"27":{"line":313,"type":"binary-expr","locations":[{"start":{"line":313,"column":27},"end":{"line":313,"column":43},"skip":true},{"start":{"line":313,"column":47},"end":{"line":313,"column":53},"skip":true}]},"28":{"line":317,"type":"if","locations":[{"start":{"line":317,"column":12},"end":{"line":317,"column":12},"skip":true},{"start":{"line":317,"column":12},"end":{"line":317,"column":12},"skip":true}]}},"code":["/*","example.js","","quickstart example","","instruction","    1. save this script as example.js","    2. run the shell command:","        $ npm install npmtest-ursa && PORT=8081 node example.js","    3. play with the browser-demo on http://127.0.0.1:8081","*/","","","","/* istanbul instrument in package npmtest_ursa */","/*jslint","    bitwise: true,","    browser: true,","    maxerr: 8,","    maxlen: 96,","    node: true,","    nomen: true,","    regexp: true,","    stupid: true","*/","(function () {","    'use strict';","    var local;","","","","    // run shared js-env code - pre-init","    (function () {","        // init local","        local = {};","        // init modeJs","        local.modeJs = (function () {","            try {","                return typeof navigator.userAgent === 'string' &&","                    typeof document.querySelector('body') === 'object' &&","                    typeof XMLHttpRequest.prototype.open === 'function' &&","                    'browser';","            } catch (errorCaughtBrowser) {","                return module.exports &&","                    typeof process.versions.node === 'string' &&","                    typeof require('http').createServer === 'function' &&","                    'node';","            }","        }());","        // init global","        local.global = local.modeJs === 'browser'","            ? window","            : global;","        // init utility2_rollup","        local = local.global.utility2_rollup || (local.modeJs === 'browser'","            ? local.global.utility2_npmtest_ursa","            : global.utility2_moduleExports);","        // export local","        local.global.local = local;","    }());","    switch (local.modeJs) {","","","","    // post-init","    // run browser js-env code - post-init","    /* istanbul ignore next */","    case 'browser':","        local.testRunBrowser = function (event) {","            if (!event || (event &&","                    event.currentTarget &&","                    event.currentTarget.className &&","                    event.currentTarget.className.includes &&","                    event.currentTarget.className.includes('onreset'))) {","                // reset output","                Array.from(","                    document.querySelectorAll('body > .resettable')","                ).forEach(function (element) {","                    switch (element.tagName) {","                    case 'INPUT':","                    case 'TEXTAREA':","                        element.value = '';","                        break;","                    default:","                        element.textContent = '';","                    }","                });","            }","            switch (event && event.currentTarget && event.currentTarget.id) {","            case 'testRunButton1':","                // show tests","                if (document.querySelector('#testReportDiv1').style.display === 'none') {","                    document.querySelector('#testReportDiv1').style.display = 'block';","                    document.querySelector('#testRunButton1').textContent =","                        'hide internal test';","                    local.modeTest = true;","                    local.testRunDefault(local);","                // hide tests","                } else {","                    document.querySelector('#testReportDiv1').style.display = 'none';","                    document.querySelector('#testRunButton1').textContent = 'run internal test';","                }","                break;","            // custom-case","            default:","                break;","            }","            if (document.querySelector('#inputTextareaEval1') && (!event || (event &&","                    event.currentTarget &&","                    event.currentTarget.className &&","                    event.currentTarget.className.includes &&","                    event.currentTarget.className.includes('oneval')))) {","                // try to eval input-code","                try {","                    /*jslint evil: true*/","                    eval(document.querySelector('#inputTextareaEval1').value);","                } catch (errorCaught) {","                    console.error(errorCaught);","                }","            }","        };","        // log stderr and stdout to #outputTextareaStdout1","        ['error', 'log'].forEach(function (key) {","            console[key + '_original'] = console[key];","            console[key] = function () {","                var element;","                console[key + '_original'].apply(console, arguments);","                element = document.querySelector('#outputTextareaStdout1');","                if (!element) {","                    return;","                }","                // append text to #outputTextareaStdout1","                element.value += Array.from(arguments).map(function (arg) {","                    return typeof arg === 'string'","                        ? arg","                        : JSON.stringify(arg, null, 4);","                }).join(' ') + '\\n';","                // scroll textarea to bottom","                element.scrollTop = element.scrollHeight;","            };","        });","        // init event-handling","        ['change', 'click', 'keyup'].forEach(function (event) {","            Array.from(document.querySelectorAll('.on' + event)).forEach(function (element) {","                element.addEventListener(event, local.testRunBrowser);","            });","        });","        // run tests","        local.testRunBrowser();","        break;","","","","    // run node js-env code - post-init","    /* istanbul ignore next */","    case 'node':","        // export local","        module.exports = local;","        // require modules","        local.fs = require('fs');","        local.http = require('http');","        local.url = require('url');","        // init assets","        local.assetsDict = local.assetsDict || {};","        /* jslint-ignore-begin */","        local.assetsDict['/assets.index.template.html'] = '\\","<!doctype html>\\n\\","<html lang=\"en\">\\n\\","<head>\\n\\","<meta charset=\"UTF-8\">\\n\\","<meta name=\"viewport\" content=\"width=device-width, initial-scale=1\">\\n\\","<title>{{env.npm_package_name}} (v{{env.npm_package_version}})</title>\\n\\","<style>\\n\\","/*csslint\\n\\","    box-sizing: false,\\n\\","    universal-selector: false\\n\\","*/\\n\\","* {\\n\\","    box-sizing: border-box;\\n\\","}\\n\\","body {\\n\\","    background: #dde;\\n\\","    font-family: Arial, Helvetica, sans-serif;\\n\\","    margin: 2rem;\\n\\","}\\n\\","body > * {\\n\\","    margin-bottom: 1rem;\\n\\","}\\n\\",".utility2FooterDiv {\\n\\","    margin-top: 20px;\\n\\","    text-align: center;\\n\\","}\\n\\","</style>\\n\\","<style>\\n\\","/*csslint\\n\\","*/\\n\\","textarea {\\n\\","    font-family: monospace;\\n\\","    height: 10rem;\\n\\","    width: 100%;\\n\\","}\\n\\","textarea[readonly] {\\n\\","    background: #ddd;\\n\\","}\\n\\","</style>\\n\\","</head>\\n\\","<body>\\n\\","<!-- utility2-comment\\n\\","<div id=\"ajaxProgressDiv1\" style=\"background: #d00; height: 2px; left: 0; margin: 0; padding: 0; position: fixed; top: 0; transition: background 0.5s, width 1.5s; width: 25%;\"></div>\\n\\","utility2-comment -->\\n\\","<h1>\\n\\","<!-- utility2-comment\\n\\","    <a\\n\\","        {{#if env.npm_package_homepage}}\\n\\","        href=\"{{env.npm_package_homepage}}\"\\n\\","        {{/if env.npm_package_homepage}}\\n\\","        target=\"_blank\"\\n\\","    >\\n\\","utility2-comment -->\\n\\","        {{env.npm_package_name}} (v{{env.npm_package_version}})\\n\\","<!-- utility2-comment\\n\\","    </a>\\n\\","utility2-comment -->\\n\\","</h1>\\n\\","<h3>{{env.npm_package_description}}</h3>\\n\\","<!-- utility2-comment\\n\\","<h4><a download href=\"assets.app.js\">download standalone app</a></h4>\\n\\","<button class=\"onclick onreset\" id=\"testRunButton1\">run internal test</button><br>\\n\\","<div id=\"testReportDiv1\" style=\"display: none;\"></div>\\n\\","utility2-comment -->\\n\\","\\n\\","\\n\\","\\n\\","<label>stderr and stdout</label>\\n\\","<textarea class=\"resettable\" id=\"outputTextareaStdout1\" readonly></textarea>\\n\\","<!-- utility2-comment\\n\\","{{#if isRollup}}\\n\\","<script src=\"assets.app.js\"></script>\\n\\","{{#unless isRollup}}\\n\\","utility2-comment -->\\n\\","<script src=\"assets.utility2.rollup.js\"></script>\\n\\","<script src=\"jsonp.utility2._stateInit?callback=window.utility2._stateInit\"></script>\\n\\","<script src=\"assets.npmtest_ursa.rollup.js\"></script>\\n\\","<script src=\"assets.example.js\"></script>\\n\\","<script src=\"assets.test.js\"></script>\\n\\","<!-- utility2-comment\\n\\","{{/if isRollup}}\\n\\","utility2-comment -->\\n\\","<div class=\"utility2FooterDiv\">\\n\\","    [ this app was created with\\n\\","    <a href=\"https://github.com/kaizhu256/node-utility2\" target=\"_blank\">utility2</a>\\n\\","    ]\\n\\","</div>\\n\\","</body>\\n\\","</html>\\n\\","';","        /* jslint-ignore-end */","        if (local.templateRender) {","            local.assetsDict['/'] = local.templateRender(","                local.assetsDict['/assets.index.template.html'],","                {","                    env: local.objectSetDefault(local.env, {","                        npm_package_description: 'the greatest app in the world!',","                        npm_package_name: 'my-app',","                        npm_package_nameAlias: 'my_app',","                        npm_package_version: '0.0.1'","                    })","                }","            );","        } else {","            local.assetsDict['/'] = local.assetsDict['/assets.index.template.html']","                .replace((/\\{\\{env\\.(\\w+?)\\}\\}/g), function (match0, match1) {","                    // jslint-hack","                    String(match0);","                    switch (match1) {","                    case 'npm_package_description':","                        return 'the greatest app in the world!';","                    case 'npm_package_name':","                        return 'my-app';","                    case 'npm_package_nameAlias':","                        return 'my_app';","                    case 'npm_package_version':","                        return '0.0.1';","                    }","                });","        }","        // run the cli","        if (local.global.utility2_rollup || module !== require.main) {","            break;","        }","        local.assetsDict['/assets.example.js'] =","            local.assetsDict['/assets.example.js'] ||","            local.fs.readFileSync(__filename, 'utf8');","        // bug-workaround - long $npm_package_buildCustomOrg","        /* jslint-ignore-begin */","        local.assetsDict['/assets.npmtest_ursa.rollup.js'] =","            local.assetsDict['/assets.npmtest_ursa.rollup.js'] ||","            local.fs.readFileSync(","                local.npmtest_ursa.__dirname + '/lib.npmtest_ursa.js',","                'utf8'","            ).replace((/^#!/), '//');","        /* jslint-ignore-end */","        local.assetsDict['/favicon.ico'] = local.assetsDict['/favicon.ico'] || '';","        // if $npm_config_timeout_exit exists,","        // then exit this process after $npm_config_timeout_exit ms","        if (Number(process.env.npm_config_timeout_exit)) {","            setTimeout(process.exit, Number(process.env.npm_config_timeout_exit));","        }","        // start server","        if (local.global.utility2_serverHttp1) {","            break;","        }","        process.env.PORT = process.env.PORT || '8081';","        console.error('server starting on port ' + process.env.PORT);","        local.http.createServer(function (request, response) {","            request.urlParsed = local.url.parse(request.url);","            if (local.assetsDict[request.urlParsed.pathname] !== undefined) {","                response.end(local.assetsDict[request.urlParsed.pathname]);","                return;","            }","            response.statusCode = 404;","            response.end();","        }).listen(process.env.PORT);","        break;","    }","}());",""],"l":{"26":2,"28":2,"33":2,"35":2,"37":2,"38":2,"39":2,"44":1,"51":2,"55":2,"59":2,"61":2,"69":1,"70":2,"76":2,"79":2,"82":2,"83":2,"85":1,"89":2,"92":1,"93":1,"94":1,"96":1,"97":1,"100":1,"101":1,"103":1,"106":1,"108":2,"114":1,"116":1,"118":1,"123":1,"124":2,"125":2,"126":3,"127":3,"128":3,"129":3,"130":1,"133":3,"134":3,"139":3,"143":1,"144":3,"145":1,"149":1,"150":1,"158":1,"160":1,"161":1,"162":1,"164":1,"166":1,"258":1,"259":1,"271":1,"274":6,"275":6,"277":1,"279":2,"281":1,"283":2,"288":1,"289":1,"291":1,"296":1,"303":1,"306":1,"307":1,"310":1,"311":1,"313":1,"314":1,"315":1,"316":1,"317":1,"318":1,"319":1,"321":1,"322":1,"324":1}},"/home/travis/build/npmtest/node-npmtest-ursa/node_modules/ursa/lib/ursa.js":{"path":"/home/travis/build/npmtest/node-npmtest-ursa/node_modules/ursa/lib/ursa.js","s":{"1":1,"2":1,"3":1,"4":1,"5":1,"6":1,"7":1,"8":1,"9":1,"10":1,"11":1,"12":1,"13":1,"14":1,"15":0,"16":1,"17":0,"18":0,"19":0,"20":0,"21":0,"22":1,"23":0,"24":0,"25":1,"26":0,"27":0,"28":1,"29":0,"30":0,"31":0,"32":0,"33":0,"34":0,"35":0,"36":0,"37":0,"38":0,"39":0,"40":1,"41":0,"42":0,"43":0,"44":0,"45":0,"46":0,"47":0,"48":0,"49":0,"50":0,"51":0,"52":1,"53":0,"54":0,"55":0,"56":1,"57":0,"58":0,"59":0,"60":0,"61":1,"62":0,"63":0,"64":0,"65":0,"66":0,"67":0,"68":1,"69":0,"70":0,"71":0,"72":1,"73":0,"74":0,"75":0,"76":0,"77":0,"78":0,"79":0,"80":0,"81":0,"82":0,"83":0,"84":0,"85":0,"86":0,"87":0,"88":1,"89":0,"90":1,"91":0,"92":1,"93":0,"94":1,"95":0,"96":1,"97":0,"98":1,"99":0,"100":1,"101":0,"102":0,"103":0,"104":1,"105":0,"106":0,"107":0,"108":1,"109":0,"110":0,"111":0,"112":0,"113":1,"114":0,"115":0,"116":0,"117":0,"118":0,"119":0,"120":0,"121":0,"122":0,"123":1,"124":0,"125":0,"126":0,"127":1,"128":0,"129":1,"130":0,"131":1,"132":0,"133":1,"134":0,"135":0,"136":0,"137":1,"138":0,"139":0,"140":0,"141":1,"142":0,"143":0,"144":0,"145":1,"146":0,"147":0,"148":0,"149":1,"150":0,"151":0,"152":0,"153":0,"154":0,"155":0,"156":0,"157":0,"158":0,"159":0,"160":0,"161":0,"162":0,"163":0,"164":0,"165":0,"166":0,"167":0,"168":1,"169":0,"170":0,"171":0,"172":0,"173":0,"174":0,"175":0,"176":0,"177":1,"178":0,"179":0,"180":0,"181":0,"182":0,"183":0,"184":0,"185":0,"186":0,"187":0,"188":0,"189":1,"190":0,"191":0,"192":0,"193":1,"194":0,"195":0,"196":0,"197":1,"198":0,"199":0,"200":0,"201":0,"202":0,"203":0,"204":0,"205":1,"206":0,"207":0,"208":0,"209":0,"210":0,"211":0,"212":1,"213":0,"214":0,"215":0,"216":0,"217":1,"218":0,"219":0,"220":0,"221":0,"222":0,"223":0,"224":0,"225":0,"226":1,"227":0,"228":1,"229":0,"230":1,"231":0,"232":1,"233":0,"234":1,"235":0,"236":1,"237":0,"238":0,"239":0,"240":0,"241":0,"242":1,"243":0,"244":0,"245":0,"246":0,"247":0,"248":1,"249":0,"250":0,"251":0,"252":0,"253":0,"254":1,"255":0,"256":0,"257":0,"258":0,"259":0,"260":1,"261":0,"262":0,"263":0,"264":0,"265":0,"266":0,"267":0,"268":1,"269":0,"270":0,"271":1,"272":0,"273":0,"274":0,"275":1,"276":0,"277":0,"278":0,"279":0,"280":0,"281":1,"282":0,"283":0,"284":1,"285":0,"286":0,"287":0,"288":1,"289":0,"290":0,"291":0,"292":0,"293":0,"294":0,"295":1},"b":{"1":[0,0],"2":[0,0],"3":[0,0],"4":[0,0],"5":[0,0,0,0,0],"6":[0,0],"7":[0,0],"8":[0,0],"9":[0,0],"10":[0,0],"11":[0,0],"12":[0,0],"13":[0,0],"14":[0,0],"15":[0,0],"16":[0,0],"17":[0,0],"18":[0,0],"19":[0,0],"20":[0,0],"21":[0,0],"22":[0,0],"23":[0,0],"24":[0,0],"25":[0,0],"26":[0,0],"27":[0,0],"28":[0,0],"29":[0,0],"30":[0,0],"31":[0,0],"32":[0,0],"33":[0,0],"34":[0,0],"35":[0,0],"36":[0,0],"37":[0,0],"38":[0,0],"39":[0,0],"40":[0,0],"41":[0,0],"42":[0,0],"43":[0,0],"44":[0,0],"45":[0,0],"46":[0,0]},"f":{"1":0,"2":0,"3":0,"4":0,"5":0,"6":0,"7":0,"8":0,"9":0,"10":0,"11":0,"12":0,"13":0,"14":0,"15":0,"16":0,"17":0,"18":0,"19":0,"20":0,"21":0,"22":0,"23":0,"24":0,"25":0,"26":0,"27":0,"28":0,"29":0,"30":0,"31":0,"32":0,"33":0,"34":0,"35":0,"36":0,"37":0,"38":0,"39":0,"40":0,"41":0,"42":0,"43":0,"44":0,"45":0,"46":0,"47":0,"48":0,"49":0,"50":0,"51":0,"52":0,"53":0,"54":0},"fnMap":{"1":{"name":"isStringOrBuffer","line":60,"loc":{"start":{"line":60,"column":0},"end":{"line":60,"column":29}}},"2":{"name":"identifyPemType","line":69,"loc":{"start":{"line":69,"column":0},"end":{"line":69,"column":30}}},"3":{"name":"isPublicKeyPem","line":84,"loc":{"start":{"line":84,"column":0},"end":{"line":84,"column":29}}},"4":{"name":"isPrivateKeyPem","line":93,"loc":{"start":{"line":93,"column":0},"end":{"line":93,"column":30}}},"5":{"name":"toSshBigint","line":103,"loc":{"start":{"line":103,"column":0},"end":{"line":103,"column":28}}},"6":{"name":"createSshPublicKey","line":138,"loc":{"start":{"line":138,"column":0},"end":{"line":138,"column":33}}},"7":{"name":"validateEncoding","line":158,"loc":{"start":{"line":158,"column":0},"end":{"line":158,"column":36}}},"8":{"name":"encodeBuffer","line":177,"loc":{"start":{"line":177,"column":0},"end":{"line":177,"column":37}}},"9":{"name":"decodeString","line":191,"loc":{"start":{"line":191,"column":0},"end":{"line":191,"column":37}}},"10":{"name":"openSshPublicKey","line":209,"loc":{"start":{"line":209,"column":0},"end":{"line":209,"column":41}}},"11":{"name":"parsePublicKey","line":215,"loc":{"start":{"line":215,"column":4},"end":{"line":215,"column":33}}},"12":{"name":"PublicKey","line":251,"loc":{"start":{"line":251,"column":0},"end":{"line":251,"column":24}}},"13":{"name":"getExponent","line":254,"loc":{"start":{"line":254,"column":4},"end":{"line":254,"column":35}}},"14":{"name":"getModulus","line":258,"loc":{"start":{"line":258,"column":4},"end":{"line":258,"column":34}}},"15":{"name":"toPublicPem","line":262,"loc":{"start":{"line":262,"column":4},"end":{"line":262,"column":35}}},"16":{"name":"toPublicSsh","line":266,"loc":{"start":{"line":266,"column":4},"end":{"line":266,"column":35}}},"17":{"name":"toPublicSshFingerprint","line":270,"loc":{"start":{"line":270,"column":4},"end":{"line":270,"column":46}}},"18":{"name":"encrypt","line":274,"loc":{"start":{"line":274,"column":4},"end":{"line":274,"column":61}}},"19":{"name":"publicDecrypt","line":281,"loc":{"start":{"line":281,"column":4},"end":{"line":281,"column":67}}},"20":{"name":"verify","line":288,"loc":{"start":{"line":288,"column":4},"end":{"line":288,"column":52}}},"21":{"name":"hashAndVerify","line":295,"loc":{"start":{"line":295,"column":4},"end":{"line":296,"column":54}}},"22":{"name":"unseal","line":314,"loc":{"start":{"line":314,"column":4},"end":{"line":314,"column":30}}},"23":{"name":"PrivateKey","line":339,"loc":{"start":{"line":339,"column":0},"end":{"line":339,"column":25}}},"24":{"name":"getPrivateExponent","line":342,"loc":{"start":{"line":342,"column":4},"end":{"line":342,"column":42}}},"25":{"name":"toPrivatePem","line":346,"loc":{"start":{"line":346,"column":4},"end":{"line":346,"column":36}}},"26":{"name":"toEncryptedPrivatePem","line":350,"loc":{"start":{"line":350,"column":4},"end":{"line":350,"column":65}}},"27":{"name":"decrypt","line":355,"loc":{"start":{"line":355,"column":4},"end":{"line":355,"column":61}}},"28":{"name":"privateEncrypt","line":361,"loc":{"start":{"line":361,"column":4},"end":{"line":361,"column":68}}},"29":{"name":"sign","line":367,"loc":{"start":{"line":367,"column":4},"end":{"line":367,"column":62}}},"30":{"name":"hashAndSign","line":373,"loc":{"start":{"line":373,"column":4},"end":{"line":374,"column":52}}},"31":{"name":"createPublicKey","line":411,"loc":{"start":{"line":411,"column":0},"end":{"line":411,"column":40}}},"32":{"name":"createPrivateKey","line":431,"loc":{"start":{"line":431,"column":0},"end":{"line":431,"column":51}}},"33":{"name":"createPublicKeyFromComponents","line":457,"loc":{"start":{"line":457,"column":0},"end":{"line":457,"column":58}}},"34":{"name":"createPrivateKeyFromComponents","line":466,"loc":{"start":{"line":466,"column":0},"end":{"line":466,"column":86}}},"35":{"name":"generatePrivateKey","line":476,"loc":{"start":{"line":476,"column":0},"end":{"line":476,"column":51}}},"36":{"name":"createKey","line":496,"loc":{"start":{"line":496,"column":0},"end":{"line":496,"column":34}}},"37":{"name":"sshFingerprint","line":512,"loc":{"start":{"line":512,"column":0},"end":{"line":512,"column":58}}},"38":{"name":"isKey","line":524,"loc":{"start":{"line":524,"column":0},"end":{"line":524,"column":20}}},"39":{"name":"isPrivateKey","line":547,"loc":{"start":{"line":547,"column":0},"end":{"line":547,"column":27}}},"40":{"name":"isPublicKey","line":555,"loc":{"start":{"line":555,"column":0},"end":{"line":555,"column":26}}},"41":{"name":"assertKey","line":562,"loc":{"start":{"line":562,"column":0},"end":{"line":562,"column":24}}},"42":{"name":"assertPrivateKey","line":569,"loc":{"start":{"line":569,"column":0},"end":{"line":569,"column":31}}},"43":{"name":"assertPublicKey","line":576,"loc":{"start":{"line":576,"column":0},"end":{"line":576,"column":30}}},"44":{"name":"coercePrivateKey","line":586,"loc":{"start":{"line":586,"column":0},"end":{"line":586,"column":32}}},"45":{"name":"coercePublicKey","line":602,"loc":{"start":{"line":602,"column":0},"end":{"line":602,"column":31}}},"46":{"name":"coerceKey","line":618,"loc":{"start":{"line":618,"column":0},"end":{"line":618,"column":25}}},"47":{"name":"matchingPublicKeys","line":632,"loc":{"start":{"line":632,"column":0},"end":{"line":632,"column":40}}},"48":{"name":"equalKeys","line":651,"loc":{"start":{"line":651,"column":0},"end":{"line":651,"column":31}}},"49":{"name":"createSigner","line":671,"loc":{"start":{"line":671,"column":0},"end":{"line":671,"column":33}}},"50":{"name":"update","line":675,"loc":{"start":{"line":675,"column":4},"end":{"line":675,"column":38}}},"51":{"name":"sign","line":681,"loc":{"start":{"line":681,"column":4},"end":{"line":681,"column":43}}},"52":{"name":"createVerifier","line":694,"loc":{"start":{"line":694,"column":0},"end":{"line":694,"column":35}}},"53":{"name":"update","line":698,"loc":{"start":{"line":698,"column":4},"end":{"line":698,"column":38}}},"54":{"name":"verify","line":704,"loc":{"start":{"line":704,"column":4},"end":{"line":704,"column":49}}}},"statementMap":{"1":{"start":{"line":14,"column":0},"end":{"line":14,"column":31}},"2":{"start":{"line":16,"column":0},"end":{"line":16,"column":31}},"3":{"start":{"line":18,"column":0},"end":{"line":18,"column":51}},"4":{"start":{"line":19,"column":0},"end":{"line":19,"column":36}},"5":{"start":{"line":20,"column":0},"end":{"line":20,"column":38}},"6":{"start":{"line":28,"column":0},"end":{"line":28,"column":22}},"7":{"start":{"line":31,"column":0},"end":{"line":31,"column":22}},"8":{"start":{"line":34,"column":0},"end":{"line":34,"column":16}},"9":{"start":{"line":37,"column":0},"end":{"line":37,"column":22}},"10":{"start":{"line":40,"column":0},"end":{"line":40,"column":18}},"11":{"start":{"line":43,"column":0},"end":{"line":43,"column":16}},"12":{"start":{"line":46,"column":0},"end":{"line":47,"column":95}},"13":{"start":{"line":50,"column":0},"end":{"line":50,"column":38}},"14":{"start":{"line":60,"column":0},"end":{"line":62,"column":1}},"15":{"start":{"line":61,"column":4},"end":{"line":61,"column":55}},"16":{"start":{"line":69,"column":0},"end":{"line":78,"column":1}},"17":{"start":{"line":70,"column":4},"end":{"line":70,"column":38}},"18":{"start":{"line":71,"column":4},"end":{"line":71,"column":36}},"19":{"start":{"line":73,"column":4},"end":{"line":75,"column":5}},"20":{"start":{"line":74,"column":8},"end":{"line":74,"column":25}},"21":{"start":{"line":77,"column":4},"end":{"line":77,"column":20}},"22":{"start":{"line":84,"column":0},"end":{"line":87,"column":1}},"23":{"start":{"line":85,"column":4},"end":{"line":85,"column":36}},"24":{"start":{"line":86,"column":4},"end":{"line":86,"column":30}},"25":{"start":{"line":93,"column":0},"end":{"line":96,"column":1}},"26":{"start":{"line":94,"column":4},"end":{"line":94,"column":36}},"27":{"start":{"line":95,"column":4},"end":{"line":95,"column":35}},"28":{"start":{"line":103,"column":0},"end":{"line":121,"column":1}},"29":{"start":{"line":106,"column":4},"end":{"line":106,"column":45}},"30":{"start":{"line":107,"column":4},"end":{"line":107,"column":51}},"31":{"start":{"line":108,"column":4},"end":{"line":108,"column":40}},"32":{"start":{"line":109,"column":4},"end":{"line":109,"column":19}},"33":{"start":{"line":111,"column":4},"end":{"line":111,"column":41}},"34":{"start":{"line":112,"column":4},"end":{"line":112,"column":16}},"35":{"start":{"line":114,"column":4},"end":{"line":117,"column":5}},"36":{"start":{"line":115,"column":1},"end":{"line":115,"column":20}},"37":{"start":{"line":116,"column":1},"end":{"line":116,"column":10}},"38":{"start":{"line":119,"column":4},"end":{"line":119,"column":31}},"39":{"start":{"line":120,"column":4},"end":{"line":120,"column":18}},"40":{"start":{"line":138,"column":0},"end":{"line":153,"column":1}},"41":{"start":{"line":139,"column":4},"end":{"line":139,"column":43}},"42":{"start":{"line":140,"column":4},"end":{"line":140,"column":42}},"43":{"start":{"line":142,"column":4},"end":{"line":142,"column":58}},"44":{"start":{"line":143,"column":4},"end":{"line":143,"column":65}},"45":{"start":{"line":144,"column":4},"end":{"line":144,"column":19}},"46":{"start":{"line":146,"column":4},"end":{"line":146,"column":32}},"47":{"start":{"line":147,"column":4},"end":{"line":147,"column":28}},"48":{"start":{"line":148,"column":4},"end":{"line":148,"column":27}},"49":{"start":{"line":149,"column":4},"end":{"line":149,"column":23}},"50":{"start":{"line":150,"column":4},"end":{"line":150,"column":27}},"51":{"start":{"line":152,"column":4},"end":{"line":152,"column":18}},"52":{"start":{"line":158,"column":0},"end":{"line":171,"column":1}},"53":{"start":{"line":159,"column":4},"end":{"line":170,"column":5}},"54":{"start":{"line":165,"column":12},"end":{"line":165,"column":18}},"55":{"start":{"line":168,"column":12},"end":{"line":168,"column":61}},"56":{"start":{"line":177,"column":0},"end":{"line":184,"column":1}},"57":{"start":{"line":178,"column":4},"end":{"line":180,"column":5}},"58":{"start":{"line":179,"column":8},"end":{"line":179,"column":19}},"59":{"start":{"line":182,"column":4},"end":{"line":182,"column":31}},"60":{"start":{"line":183,"column":4},"end":{"line":183,"column":34}},"61":{"start":{"line":191,"column":0},"end":{"line":202,"column":1}},"62":{"start":{"line":192,"column":4},"end":{"line":194,"column":5}},"63":{"start":{"line":193,"column":8},"end":{"line":193,"column":19}},"64":{"start":{"line":196,"column":4},"end":{"line":198,"column":5}},"65":{"start":{"line":197,"column":8},"end":{"line":197,"column":24}},"66":{"start":{"line":200,"column":4},"end":{"line":200,"column":31}},"67":{"start":{"line":201,"column":4},"end":{"line":201,"column":37}},"68":{"start":{"line":209,"column":0},"end":{"line":244,"column":1}},"69":{"start":{"line":210,"column":4},"end":{"line":213,"column":5}},"70":{"start":{"line":211,"column":8},"end":{"line":211,"column":67}},"71":{"start":{"line":212,"column":8},"end":{"line":212,"column":52}},"72":{"start":{"line":215,"column":4},"end":{"line":232,"column":5}},"73":{"start":{"line":216,"column":8},"end":{"line":217,"column":28}},"74":{"start":{"line":219,"column":8},"end":{"line":225,"column":9}},"75":{"start":{"line":220,"column":12},"end":{"line":220,"column":42}},"76":{"start":{"line":221,"column":12},"end":{"line":221,"column":44}},"77":{"start":{"line":222,"column":12},"end":{"line":222,"column":36}},"78":{"start":{"line":223,"column":12},"end":{"line":223,"column":29}},"79":{"start":{"line":224,"column":12},"end":{"line":224,"column":40}},"80":{"start":{"line":224,"column":34},"end":{"line":224,"column":40}},"81":{"start":{"line":227,"column":8},"end":{"line":231,"column":10}},"82":{"start":{"line":234,"column":4},"end":{"line":234,"column":37}},"83":{"start":{"line":235,"column":4},"end":{"line":235,"column":28}},"84":{"start":{"line":237,"column":4},"end":{"line":239,"column":5}},"85":{"start":{"line":238,"column":8},"end":{"line":238,"column":63}},"86":{"start":{"line":241,"column":4},"end":{"line":241,"column":58}},"87":{"start":{"line":243,"column":4},"end":{"line":243,"column":26}},"88":{"start":{"line":251,"column":0},"end":{"line":332,"column":1}},"89":{"start":{"line":252,"column":4},"end":{"line":252,"column":13}},"90":{"start":{"line":254,"column":4},"end":{"line":256,"column":5}},"91":{"start":{"line":255,"column":8},"end":{"line":255,"column":57}},"92":{"start":{"line":258,"column":4},"end":{"line":260,"column":5}},"93":{"start":{"line":259,"column":8},"end":{"line":259,"column":56}},"94":{"start":{"line":262,"column":4},"end":{"line":264,"column":5}},"95":{"start":{"line":263,"column":8},"end":{"line":263,"column":61}},"96":{"start":{"line":266,"column":4},"end":{"line":268,"column":5}},"97":{"start":{"line":267,"column":8},"end":{"line":267,"column":63}},"98":{"start":{"line":270,"column":4},"end":{"line":272,"column":5}},"99":{"start":{"line":271,"column":8},"end":{"line":271,"column":76}},"100":{"start":{"line":274,"column":4},"end":{"line":279,"column":5}},"101":{"start":{"line":275,"column":8},"end":{"line":275,"column":45}},"102":{"start":{"line":276,"column":8},"end":{"line":277,"column":60}},"103":{"start":{"line":278,"column":8},"end":{"line":278,"column":74}},"104":{"start":{"line":281,"column":4},"end":{"line":286,"column":5}},"105":{"start":{"line":282,"column":8},"end":{"line":282,"column":45}},"106":{"start":{"line":283,"column":8},"end":{"line":284,"column":55}},"107":{"start":{"line":285,"column":8},"end":{"line":285,"column":74}},"108":{"start":{"line":288,"column":4},"end":{"line":293,"column":5}},"109":{"start":{"line":289,"column":8},"end":{"line":289,"column":41}},"110":{"start":{"line":290,"column":8},"end":{"line":290,"column":44}},"111":{"start":{"line":291,"column":8},"end":{"line":291,"column":42}},"112":{"start":{"line":292,"column":8},"end":{"line":292,"column":48}},"113":{"start":{"line":295,"column":4},"end":{"line":312,"column":5}},"114":{"start":{"line":297,"column":8},"end":{"line":311,"column":9}},"115":{"start":{"line":298,"column":12},"end":{"line":299,"column":59}},"116":{"start":{"line":301,"column":12},"end":{"line":301,"column":52}},"117":{"start":{"line":302,"column":12},"end":{"line":302,"column":53}},"118":{"start":{"line":303,"column":12},"end":{"line":303,"column":58}},"119":{"start":{"line":305,"column":12},"end":{"line":306,"column":94}},"120":{"start":{"line":308,"column":12},"end":{"line":308,"column":53}},"121":{"start":{"line":309,"column":12},"end":{"line":309,"column":43}},"122":{"start":{"line":310,"column":12},"end":{"line":310,"column":56}},"123":{"start":{"line":314,"column":4},"end":{"line":316,"column":5}},"124":{"start":{"line":315,"column":8},"end":{"line":315,"column":61}},"125":{"start":{"line":318,"column":4},"end":{"line":329,"column":6}},"126":{"start":{"line":331,"column":4},"end":{"line":331,"column":16}},"127":{"start":{"line":339,"column":0},"end":{"line":401,"column":1}},"128":{"start":{"line":340,"column":4},"end":{"line":340,"column":13}},"129":{"start":{"line":342,"column":4},"end":{"line":344,"column":5}},"130":{"start":{"line":343,"column":8},"end":{"line":343,"column":64}},"131":{"start":{"line":346,"column":4},"end":{"line":348,"column":5}},"132":{"start":{"line":347,"column":8},"end":{"line":347,"column":62}},"133":{"start":{"line":350,"column":4},"end":{"line":353,"column":5}},"134":{"start":{"line":351,"column":8},"end":{"line":351,"column":54}},"135":{"start":{"line":351,"column":24},"end":{"line":351,"column":54}},"136":{"start":{"line":352,"column":8},"end":{"line":352,"column":70}},"137":{"start":{"line":355,"column":4},"end":{"line":359,"column":5}},"138":{"start":{"line":356,"column":8},"end":{"line":356,"column":45}},"139":{"start":{"line":357,"column":8},"end":{"line":357,"column":88}},"140":{"start":{"line":358,"column":8},"end":{"line":358,"column":75}},"141":{"start":{"line":361,"column":4},"end":{"line":365,"column":5}},"142":{"start":{"line":362,"column":8},"end":{"line":362,"column":45}},"143":{"start":{"line":363,"column":8},"end":{"line":363,"column":83}},"144":{"start":{"line":364,"column":8},"end":{"line":364,"column":75}},"145":{"start":{"line":367,"column":4},"end":{"line":371,"column":5}},"146":{"start":{"line":368,"column":8},"end":{"line":368,"column":41}},"147":{"start":{"line":369,"column":8},"end":{"line":369,"column":48}},"148":{"start":{"line":370,"column":8},"end":{"line":370,"column":68}},"149":{"start":{"line":373,"column":4},"end":{"line":390,"column":5}},"150":{"start":{"line":375,"column":8},"end":{"line":389,"column":9}},"151":{"start":{"line":376,"column":12},"end":{"line":376,"column":52}},"152":{"start":{"line":377,"column":12},"end":{"line":377,"column":56}},"153":{"start":{"line":378,"column":12},"end":{"line":378,"column":58}},"154":{"start":{"line":380,"column":12},"end":{"line":381,"column":94}},"155":{"start":{"line":383,"column":12},"end":{"line":384,"column":61}},"156":{"start":{"line":386,"column":12},"end":{"line":386,"column":49}},"157":{"start":{"line":387,"column":12},"end":{"line":387,"column":44}},"158":{"start":{"line":388,"column":12},"end":{"line":388,"column":50}},"159":{"start":{"line":392,"column":4},"end":{"line":392,"column":26}},"160":{"start":{"line":393,"column":4},"end":{"line":393,"column":42}},"161":{"start":{"line":394,"column":4},"end":{"line":394,"column":53}},"162":{"start":{"line":395,"column":4},"end":{"line":395,"column":46}},"163":{"start":{"line":396,"column":4},"end":{"line":396,"column":49}},"164":{"start":{"line":397,"column":4},"end":{"line":397,"column":39}},"165":{"start":{"line":398,"column":4},"end":{"line":398,"column":47}},"166":{"start":{"line":399,"column":4},"end":{"line":399,"column":56}},"167":{"start":{"line":400,"column":4},"end":{"line":400,"column":16}},"168":{"start":{"line":411,"column":0},"end":{"line":425,"column":1}},"169":{"start":{"line":412,"column":4},"end":{"line":412,"column":28}},"170":{"start":{"line":413,"column":4},"end":{"line":413,"column":38}},"171":{"start":{"line":415,"column":4},"end":{"line":422,"column":5}},"172":{"start":{"line":416,"column":8},"end":{"line":416,"column":33}},"173":{"start":{"line":418,"column":8},"end":{"line":420,"column":9}},"174":{"start":{"line":419,"column":12},"end":{"line":419,"column":49}},"175":{"start":{"line":421,"column":8},"end":{"line":421,"column":17}},"176":{"start":{"line":424,"column":4},"end":{"line":424,"column":26}},"177":{"start":{"line":431,"column":0},"end":{"line":452,"column":1}},"178":{"start":{"line":432,"column":4},"end":{"line":432,"column":28}},"179":{"start":{"line":433,"column":4},"end":{"line":433,"column":38}},"180":{"start":{"line":434,"column":4},"end":{"line":434,"column":48}},"181":{"start":{"line":436,"column":4},"end":{"line":449,"column":5}},"182":{"start":{"line":439,"column":8},"end":{"line":443,"column":9}},"183":{"start":{"line":440,"column":12},"end":{"line":440,"column":48}},"184":{"start":{"line":442,"column":12},"end":{"line":442,"column":38}},"185":{"start":{"line":445,"column":8},"end":{"line":447,"column":9}},"186":{"start":{"line":446,"column":12},"end":{"line":446,"column":50}},"187":{"start":{"line":448,"column":8},"end":{"line":448,"column":17}},"188":{"start":{"line":451,"column":4},"end":{"line":451,"column":27}},"189":{"start":{"line":457,"column":0},"end":{"line":461,"column":1}},"190":{"start":{"line":458,"column":4},"end":{"line":458,"column":28}},"191":{"start":{"line":459,"column":4},"end":{"line":459,"column":57}},"192":{"start":{"line":460,"column":4},"end":{"line":460,"column":26}},"193":{"start":{"line":466,"column":0},"end":{"line":471,"column":1}},"194":{"start":{"line":467,"column":4},"end":{"line":467,"column":28}},"195":{"start":{"line":468,"column":4},"end":{"line":468,"column":85}},"196":{"start":{"line":470,"column":4},"end":{"line":470,"column":27}},"197":{"start":{"line":476,"column":0},"end":{"line":489,"column":1}},"198":{"start":{"line":477,"column":4},"end":{"line":479,"column":5}},"199":{"start":{"line":478,"column":8},"end":{"line":478,"column":27}},"200":{"start":{"line":481,"column":4},"end":{"line":483,"column":5}},"201":{"start":{"line":482,"column":8},"end":{"line":482,"column":25}},"202":{"start":{"line":485,"column":4},"end":{"line":485,"column":28}},"203":{"start":{"line":486,"column":4},"end":{"line":486,"column":50}},"204":{"start":{"line":488,"column":4},"end":{"line":488,"column":27}},"205":{"start":{"line":496,"column":0},"end":{"line":506,"column":1}},"206":{"start":{"line":497,"column":4},"end":{"line":497,"column":38}},"207":{"start":{"line":499,"column":4},"end":{"line":505,"column":5}},"208":{"start":{"line":500,"column":8},"end":{"line":500,"column":36}},"209":{"start":{"line":501,"column":11},"end":{"line":505,"column":5}},"210":{"start":{"line":502,"column":8},"end":{"line":502,"column":37}},"211":{"start":{"line":504,"column":8},"end":{"line":504,"column":38}},"212":{"start":{"line":512,"column":0},"end":{"line":518,"column":1}},"213":{"start":{"line":513,"column":4},"end":{"line":513,"column":38}},"214":{"start":{"line":515,"column":4},"end":{"line":515,"column":51}},"215":{"start":{"line":516,"column":4},"end":{"line":516,"column":57}},"216":{"start":{"line":517,"column":4},"end":{"line":517,"column":45}},"217":{"start":{"line":524,"column":0},"end":{"line":541,"column":1}},"218":{"start":{"line":525,"column":4},"end":{"line":525,"column":13}},"219":{"start":{"line":527,"column":4},"end":{"line":538,"column":5}},"220":{"start":{"line":528,"column":8},"end":{"line":528,"column":32}},"221":{"start":{"line":529,"column":8},"end":{"line":531,"column":9}},"222":{"start":{"line":530,"column":12},"end":{"line":530,"column":25}},"223":{"start":{"line":532,"column":8},"end":{"line":532,"column":35}},"224":{"start":{"line":537,"column":8},"end":{"line":537,"column":21}},"225":{"start":{"line":540,"column":4},"end":{"line":540,"column":30}},"226":{"start":{"line":547,"column":0},"end":{"line":549,"column":1}},"227":{"start":{"line":548,"column":4},"end":{"line":548,"column":53}},"228":{"start":{"line":555,"column":0},"end":{"line":557,"column":1}},"229":{"start":{"line":556,"column":4},"end":{"line":556,"column":44}},"230":{"start":{"line":562,"column":0},"end":{"line":564,"column":1}},"231":{"start":{"line":563,"column":4},"end":{"line":563,"column":23}},"232":{"start":{"line":569,"column":0},"end":{"line":571,"column":1}},"233":{"start":{"line":570,"column":4},"end":{"line":570,"column":30}},"234":{"start":{"line":576,"column":0},"end":{"line":578,"column":1}},"235":{"start":{"line":577,"column":4},"end":{"line":577,"column":29}},"236":{"start":{"line":586,"column":0},"end":{"line":594,"column":1}},"237":{"start":{"line":587,"column":4},"end":{"line":591,"column":5}},"238":{"start":{"line":588,"column":8},"end":{"line":588,"column":20}},"239":{"start":{"line":589,"column":11},"end":{"line":591,"column":5}},"240":{"start":{"line":590,"column":8},"end":{"line":590,"column":38}},"241":{"start":{"line":593,"column":4},"end":{"line":593,"column":50}},"242":{"start":{"line":602,"column":0},"end":{"line":610,"column":1}},"243":{"start":{"line":603,"column":4},"end":{"line":607,"column":5}},"244":{"start":{"line":604,"column":8},"end":{"line":604,"column":20}},"245":{"start":{"line":605,"column":11},"end":{"line":607,"column":5}},"246":{"start":{"line":606,"column":8},"end":{"line":606,"column":37}},"247":{"start":{"line":609,"column":4},"end":{"line":609,"column":49}},"248":{"start":{"line":618,"column":0},"end":{"line":626,"column":1}},"249":{"start":{"line":619,"column":4},"end":{"line":623,"column":5}},"250":{"start":{"line":620,"column":8},"end":{"line":620,"column":20}},"251":{"start":{"line":621,"column":11},"end":{"line":623,"column":5}},"252":{"start":{"line":622,"column":8},"end":{"line":622,"column":31}},"253":{"start":{"line":625,"column":4},"end":{"line":625,"column":42}},"254":{"start":{"line":632,"column":0},"end":{"line":645,"column":1}},"255":{"start":{"line":633,"column":4},"end":{"line":635,"column":5}},"256":{"start":{"line":634,"column":8},"end":{"line":634,"column":21}},"257":{"start":{"line":641,"column":4},"end":{"line":641,"column":38}},"258":{"start":{"line":642,"column":4},"end":{"line":642,"column":38}},"259":{"start":{"line":644,"column":4},"end":{"line":644,"column":25}},"260":{"start":{"line":651,"column":0},"end":{"line":666,"column":1}},"261":{"start":{"line":655,"column":4},"end":{"line":659,"column":5}},"262":{"start":{"line":656,"column":8},"end":{"line":656,"column":43}},"263":{"start":{"line":657,"column":8},"end":{"line":657,"column":43}},"264":{"start":{"line":658,"column":8},"end":{"line":658,"column":29}},"265":{"start":{"line":661,"column":4},"end":{"line":663,"column":5}},"266":{"start":{"line":662,"column":8},"end":{"line":662,"column":46}},"267":{"start":{"line":665,"column":4},"end":{"line":665,"column":17}},"268":{"start":{"line":671,"column":0},"end":{"line":689,"column":1}},"269":{"start":{"line":672,"column":4},"end":{"line":672,"column":44}},"270":{"start":{"line":673,"column":4},"end":{"line":673,"column":18}},"271":{"start":{"line":675,"column":4},"end":{"line":679,"column":5}},"272":{"start":{"line":676,"column":8},"end":{"line":676,"column":45}},"273":{"start":{"line":677,"column":8},"end":{"line":677,"column":25}},"274":{"start":{"line":678,"column":8},"end":{"line":678,"column":20}},"275":{"start":{"line":681,"column":4},"end":{"line":684,"column":5}},"276":{"start":{"line":682,"column":8},"end":{"line":682,"column":62}},"277":{"start":{"line":683,"column":8},"end":{"line":683,"column":75}},"278":{"start":{"line":686,"column":4},"end":{"line":686,"column":21}},"279":{"start":{"line":687,"column":4},"end":{"line":687,"column":25}},"280":{"start":{"line":688,"column":4},"end":{"line":688,"column":16}},"281":{"start":{"line":694,"column":0},"end":{"line":713,"column":1}},"282":{"start":{"line":695,"column":4},"end":{"line":695,"column":44}},"283":{"start":{"line":696,"column":4},"end":{"line":696,"column":18}},"284":{"start":{"line":698,"column":4},"end":{"line":702,"column":5}},"285":{"start":{"line":699,"column":8},"end":{"line":699,"column":45}},"286":{"start":{"line":700,"column":8},"end":{"line":700,"column":25}},"287":{"start":{"line":701,"column":8},"end":{"line":701,"column":20}},"288":{"start":{"line":704,"column":4},"end":{"line":708,"column":5}},"289":{"start":{"line":705,"column":8},"end":{"line":705,"column":62}},"290":{"start":{"line":706,"column":8},"end":{"line":706,"column":45}},"291":{"start":{"line":707,"column":8},"end":{"line":707,"column":57}},"292":{"start":{"line":710,"column":4},"end":{"line":710,"column":25}},"293":{"start":{"line":711,"column":4},"end":{"line":711,"column":25}},"294":{"start":{"line":712,"column":4},"end":{"line":712,"column":16}},"295":{"start":{"line":720,"column":0},"end":{"li
[...]
 (encoding === undefined) {","        return buf;","    }","","    validateEncoding(encoding);","    return buf.toString(encoding);","}","","/**"," * Return a buffer or undefined argument as-is, or convert a given"," * string into a buffer by using the indicated encoding. An undefined"," * encoding is interpreted to mean UTF8."," */","function decodeString(str, encoding) {","    if ((str === undefined) || Buffer.isBuffer(str)) {","        return str;","    }","","    if (encoding === undefined) {","        encoding = UTF8;","    }","","    validateEncoding(encoding);","    return new Buffer(str, encoding);","}","/**"," * OpenSSH Public key to RSA"," * @param {String|Object} key OpenSSH Public Key"," * @param <String> key encoding, default 'base64'"," * @returns {PublicKey}"," */","function openSshPublicKey(key, encoding) {","    if (!Buffer.isBuffer(key)) {","        key = key.substr(0, 3) === 'ssh' ? key.split(' ')[1] : key;","        key = new Buffer(key, encoding || 'base64');","    }","","    function parsePublicKey(key) {","        var parts = [],","            partsLength = 3;","","        while(key.length) {","            var dLen = key.readInt32BE(0);","            var data = key.slice(4, dLen+4);","            key = key.slice(4+dLen);","            parts.push(data);","            if (!(--partsLength)) break;","        }","","        return {","            modulus :   parts[2],","            exponent:   parts[1],","            type    :   parts[0]","        };","    }","","    var pubKey = parsePublicKey(key);","    var rsa = new RsaWrap();","","    if (pubKey.type != 'ssh-rsa') {","        throw new TypeError('Only \"ssh-rsa\" format supported');","    }","","    rsa.openPublicSshKey(pubKey.modulus, pubKey.exponent);","","    return PublicKey(rsa);","}","","/**"," * Public Key object. This is the externally-visible object that one gets"," * when constructing an instance from a public key. The constructor takes"," * a native RsaWrap object."," */","function PublicKey(rsa) {","    var self;","","    function getExponent(encoding) {","        return encodeBuffer(rsa.getExponent(), encoding);","    }","","    function getModulus(encoding) {","        return encodeBuffer(rsa.getModulus(), encoding);","    }","","    function toPublicPem(encoding) {","        return encodeBuffer(rsa.getPublicKeyPem(), encoding);","    }","","    function toPublicSsh(encoding) {","        return encodeBuffer(createSshPublicKey(rsa), encoding);","    }","","    function toPublicSshFingerprint(encoding) {","        return sshFingerprint(createSshPublicKey(rsa), undefined, encoding);","    }","","    function encrypt(buf, bufEncoding, outEncoding, padding) {","        buf = decodeString(buf, bufEncoding);","        padding = (padding === undefined) ?","                ursaNative.RSA_PKCS1_OAEP_PADDING : padding;","        return encodeBuffer(rsa.publicEncrypt(buf, padding), outEncoding);","    }","","    function publicDecrypt(buf, bufEncoding, outEncoding, padding) {","        buf = decodeString(buf, bufEncoding);","        padding = (padding === undefined) ?","                ursaNative.RSA_PKCS1_PADDING : padding;","        return encodeBuffer(rsa.publicDecrypt(buf, padding), outEncoding);","    }","","    function verify(algorithm, hash, sig, encoding) {","        algorithm = textToNid(algorithm);","        hash = decodeString(hash, encoding);","        sig = decodeString(sig, encoding);","        return rsa.verify(algorithm, hash, sig);","    }","","    function hashAndVerify(algorithm, buf, sig, encoding,","                           use_pss_padding, salt_len) {","        if (use_pss_padding) {","            sig = publicDecrypt(sig, encoding, undefined,","                                ursaNative.RSA_NO_PADDING);","","            var hash = crypto.createHash(algorithm);","            hash.update(decodeString(buf, encoding));","            buf = new Buffer(hash.digest(BINARY), BINARY);","","            return rsa.verifyPSSPadding(textToNid(algorithm), buf, sig,","                    (salt_len === undefined) ? ursaNative.RSA_PKCS1_SALT_LEN_HLEN : salt_len);","        } else {","            var verifier = createVerifier(algorithm);","            verifier.update(buf, encoding);","            return verifier.verify(self, sig, encoding);","        }","    }","","    function unseal(unsealer) {","        return (unsealer === theUnsealer) ? self : undefined;","    }","","    self = {","        encrypt:                encrypt,","        getExponent:            getExponent,","        getModulus:             getModulus,","        hashAndVerify:          hashAndVerify,","        publicDecrypt:          publicDecrypt,","        toPublicPem:            toPublicPem,","        toPublicSsh:            toPublicSsh,","        toPublicSshFingerprint: toPublicSshFingerprint,","        verify:                 verify,","        unseal:                 unseal","    };","","    return self;","}","","/**"," * Private Key object. This is the externally-visible object that one"," * gets when constructing an instance from a private key (aka a"," * keypair). The constructor takes a native RsaWrap object."," */","function PrivateKey(rsa) {","    var self;","","    function getPrivateExponent(encoding) {","        return encodeBuffer(rsa.getPrivateExponent(), encoding);","    }","","    function toPrivatePem(encoding) {","        return encodeBuffer(rsa.getPrivateKeyPem(), encoding);","    }","","    function toEncryptedPrivatePem(passPhrase, cipher, encoding) {","        if(!passPhrase) return toPrivatePem(encoding);","        return encodeBuffer(rsa.getPrivateKeyPem(passPhrase, cipher));","    }","","    function decrypt(buf, bufEncoding, outEncoding, padding) {","        buf = decodeString(buf, bufEncoding);","        padding = (padding === undefined) ? ursaNative.RSA_PKCS1_OAEP_PADDING : padding;","        return encodeBuffer(rsa.privateDecrypt(buf, padding), outEncoding);","    }","","    function privateEncrypt(buf, bufEncoding, outEncoding, padding) {","        buf = decodeString(buf, bufEncoding);","        padding = (padding === undefined) ? ursaNative.RSA_PKCS1_PADDING : padding;","        return encodeBuffer(rsa.privateEncrypt(buf, padding), outEncoding);","    }","","    function sign(algorithm, hash, hashEncoding, outEncoding) {","        algorithm = textToNid(algorithm);","        hash = decodeString(hash, hashEncoding);","        return encodeBuffer(rsa.sign(algorithm, hash), outEncoding);","    }","","    function hashAndSign(algorithm, buf, bufEncoding, outEncoding,","                         use_pss_padding, salt_len) {","        if (use_pss_padding) {","            var hash = crypto.createHash(algorithm);","            hash.update(decodeString(buf, bufEncoding));","            buf = new Buffer(hash.digest(BINARY), BINARY);","","            buf = rsa.addPSSPadding(textToNid(algorithm), buf,","                    (salt_len === undefined) ? ursaNative.RSA_PKCS1_SALT_LEN_HLEN : salt_len);","","            return privateEncrypt(buf, undefined, outEncoding,","                                  ursaNative.RSA_NO_PADDING);","        } else {","            var signer = createSigner(algorithm);","            signer.update(buf, bufEncoding);","            return signer.sign(self, outEncoding);","        }","    }","","    self = PublicKey(rsa);","    self.decrypt                = decrypt;","    self.getPrivateExponent     = getPrivateExponent;","    self.hashAndSign            = hashAndSign;","    self.privateEncrypt         = privateEncrypt;","    self.sign                   = sign;","    self.toPrivatePem           = toPrivatePem;","    self.toEncryptedPrivatePem  = toEncryptedPrivatePem;","    return self;","}","","","/*"," * Exported bindings"," */","","/**"," * Create a new public key object, from the given PEM-encoded file."," */","function createPublicKey(pem, encoding) {","    var rsa = new RsaWrap();","    pem = decodeString(pem, encoding);","","    try {","        rsa.setPublicKeyPem(pem);","    } catch (ex) {","        if (!isPublicKeyPem(pem)) {","            throw new Error(\"Not a public key.\");","        }","        throw ex;","    }","","    return PublicKey(rsa);","}","","/**"," * Create a new private key object, from the given PEM-encoded file,"," * optionally decrypting the file with a password."," */","function createPrivateKey(pem, password, encoding) {","    var rsa = new RsaWrap();","    pem = decodeString(pem, encoding);","    password = decodeString(password, encoding);","","    try {","        // Note: The native code is sensitive to the actual number of","        // arguments. It's *not* okay to pass undefined as a password.","        if (password) {","            rsa.setPrivateKeyPem(pem, password);","        } else {","            rsa.setPrivateKeyPem(pem);","        }","    } catch (ex) {","        if (!isPrivateKeyPem(pem)) {","            throw new Error(\"Not a private key.\");","        }","        throw ex;","    }","","    return PrivateKey(rsa);","}","","/**","  * Create public key from components","  */","function createPublicKeyFromComponents(modulus, exponent) {","    var rsa = new RsaWrap();","    rsa.createPublicKeyFromComponents(modulus, exponent);","    return PublicKey(rsa);","}","","/**"," * Create private key from components"," */","function createPrivateKeyFromComponents(modulus, exponent, p, q, dp, dq, inverseQ, d) {","    var rsa = new RsaWrap();","    rsa.createPrivateKeyFromComponents(modulus, exponent, p, q, dp, dq, inverseQ, d);","","    return PrivateKey(rsa);","}","","/**"," * Generate a new private key object (aka a keypair)."," */","function generatePrivateKey(modulusBits, exponent) {","    if (modulusBits === undefined) {","        modulusBits = 2048;","    }","","    if (exponent === undefined) {","        exponent = 65537;","    }","","    var rsa = new RsaWrap();","    rsa.generatePrivateKey(modulusBits, exponent);","","    return PrivateKey(rsa);","}","","/**"," * Create a key object from a PEM format file, either a private or"," * public key depending on what kind of file is passed in. If given"," * a private key file, it must not be encrypted."," */","function createKey(pem, encoding) {","    pem = decodeString(pem, encoding);","","    if (isPublicKeyPem(pem)) {","        return createPublicKey(pem);","    } else if (isPrivateKeyPem(pem)) {","        return createPrivateKey(pem);","    } else {","        throw new Error(\"Not a key.\");","    }","}","","/**"," * Return the SSH-style public key fingerprint of the given SSH-format"," * public key."," */","function sshFingerprint(sshKey, sshEncoding, outEncoding) {","    var hash = crypto.createHash(MD5);","","    hash.update(decodeString(sshKey, sshEncoding));","    var result = new Buffer(hash.digest(BINARY), BINARY);","    return encodeBuffer(result, outEncoding);","}","","/**"," * Return whether the given object is a key object (either public or"," * private), as constructed by this module."," */","function isKey(obj) {","    var obj2;","","    try {","        var unseal = obj.unseal;","        if (typeof unseal !== \"function\") {","            return false;","        }","        obj2 = unseal(theUnsealer);","    } catch (ex) {","        // Ignore; can't assume that other objects obey any particular","        // unsealing protocol.","        // TODO: Log?","        return false;","    }","","    return obj2 !== undefined;","}","","/**"," * Return whether the given object is a private key object, as"," * constructed by this module."," */","function isPrivateKey(obj) {","    return isKey(obj) && (obj.decrypt !== undefined);","}","","/**"," * Return whether the given object is a public key object (per se), as"," * constructed by this module."," */","function isPublicKey(obj) {","    return isKey(obj) && !isPrivateKey(obj);","}","","/**"," * Assert wrapper for isKey()."," */","function assertKey(obj) {","    assert(isKey(obj));","}","","/**"," * Assert wrapper for isPrivateKey()."," */","function assertPrivateKey(obj) {","    assert(isPrivateKey(obj));","}","","/**"," * Assert wrapper for isPublicKey()."," */","function assertPublicKey(obj) {","    assert(isPublicKey(obj));","}","","/**"," * Coerce the given key value into an private key object, returning"," * it. If given a private key object, this just returns it as-is. If"," * given a string or Buffer, it tries to parse it as PEM. Anything"," * else is an error."," */","function coercePrivateKey(orig) {","    if (isPrivateKey(orig)) {","        return orig;","    } else if (isStringOrBuffer(orig)) {","        return createPrivateKey(orig);","    }","","    throw new Error(\"Not a private key: \" + orig);","}","","/**"," * Coerce the given key value into a public key object, returning"," * it. If given a private key object, this just returns it as-is. If"," * given a string or Buffer, it tries to parse it as PEM. Anything"," * else is an error."," */","function coercePublicKey(orig) {","    if (isPublicKey(orig)) {","        return orig;","    } else if (isStringOrBuffer(orig)) {","        return createPublicKey(orig);","    }","","    throw new Error(\"Not a public key: \" + orig);","}","","/**"," * Coerce the given key value into a key object (either public or"," * private), returning it. If given a private key object, this just"," * returns it as-is. If given a string or Buffer, it tries to parse it"," * as PEM. Anything else is an error."," */","function coerceKey(orig) {","    if (isKey(orig)) {","        return orig;","    } else if (isStringOrBuffer(orig)) {","        return createKey(orig);","    }","","    throw new Error(\"Not a key: \" + orig);","}","","/**"," * Check whether the two objects are both keys of some sort and"," * have the same public part."," */","function matchingPublicKeys(key1, key2) {","    if (!(isKey(key1) && isKey(key2))) {","        return false;","    }","","    // This isn't the most efficient implementation, but it will suffice:","    // We convert both to ssh form, which has very little leeway for","    // variation, and compare bytes.","","    var ssh1 = key1.toPublicSsh(UTF8);","    var ssh2 = key2.toPublicSsh(UTF8);","","    return ssh1 === ssh2;","}","","/**"," * Check whether the two objects are both keys of some sort, are"," * both public or both private, and have the same contents."," */","function equalKeys(key1, key2) {","    // See above for rationale. In this case, there's no ssh form for","    // private keys, so we just use PEM for that.","","    if (isPrivateKey(key1) && isPrivateKey(key2)) {","        var pem1 = key1.toPrivatePem(UTF8);","        var pem2 = key2.toPrivatePem(UTF8);","        return pem1 === pem2;","    }","","    if (isPublicKey(key1) && isPublicKey(key2)) {","        return matchingPublicKeys(key1, key2);","    }","","    return false;","}","","/**"," * Create a signer object."," */","function createSigner(algorithm) {","    var hash = crypto.createHash(algorithm);","    var self = {};","","    function update(buf, bufEncoding) {","        buf = decodeString(buf, bufEncoding);","        hash.update(buf);","        return self;","    }","","    function sign(privateKey, outEncoding) {","        var hashBuf = new Buffer(hash.digest(BINARY), BINARY);","        return privateKey.sign(algorithm, hashBuf, undefined, outEncoding);","    }","","    self.sign = sign;","    self.update = update;","    return self;","}","","/**"," * Create a verifier object."," */","function createVerifier(algorithm) {","    var hash = crypto.createHash(algorithm);","    var self = {};","","    function update(buf, bufEncoding) {","        buf = decodeString(buf, bufEncoding);","        hash.update(buf);","        return self;","    }","","    function verify(publicKey, sig, sigEncoding) {","        var hashBuf = new Buffer(hash.digest(BINARY), BINARY);","        sig = decodeString(sig, sigEncoding);","        return publicKey.verify(algorithm, hashBuf, sig);","    }","","    self.update = update;","    self.verify = verify;","    return self;","}","","","/*"," * Initialization"," */","","module.exports = {","    assertKey:                      assertKey,","    assertPrivateKey:               assertPrivateKey,","    assertPublicKey:                assertPublicKey,","    coerceKey:                      coerceKey,","    coercePrivateKey:               coercePrivateKey,","    coercePublicKey:                coercePublicKey,","    createKey:                      createKey,","    createPrivateKey:               createPrivateKey,","    createPrivateKeyFromComponents: createPrivateKeyFromComponents,","    openSshPublicKey:               openSshPublicKey,","    createPublicKey:                createPublicKey,","    createPublicKeyFromComponents:  createPublicKeyFromComponents,","    createSigner:                   createSigner,","    createVerifier:                 createVerifier,","    equalKeys:                      equalKeys,","    generatePrivateKey:             generatePrivateKey,","    isKey:                          isKey,","    isPrivateKey:                   isPrivateKey,","    isPublicKey:                    isPublicKey,","    matchingPublicKeys:             matchingPublicKeys,","    sshFingerprint:                 sshFingerprint,","    RSA_NO_PADDING:                 ursaNative.RSA_NO_PADDING,","    RSA_PKCS1_PADDING:              ursaNative.RSA_PKCS1_PADDING,","    RSA_PKCS1_OAEP_PADDING:         ursaNative.RSA_PKCS1_OAEP_PADDING,","    RSA_PKCS1_SALT_LEN_HLEN:        ursaNative.RSA_PKCS1_SALT_LEN_HLEN,","    RSA_PKCS1_SALT_LEN_MAX:         ursaNative.RSA_PKCS1_SALT_LEN_MAX,","    RSA_PKCS1_SALT_LEN_RECOVER:     ursaNative.RSA_PKCS1_SALT_LEN_RECOVER","};",""],"l":{"14":1,"16":1,"18":1,"19":1,"20":1,"28":1,"31":1,"34":1,"37":1,"40":1,"43":1,"46":1,"50":1,"60":1,"61":0,"69":1,"70":0,"71":0,"73":0,"74":0,"77":0,"84":1,"85":0,"86":0,"93":1,"94":0,"95":0,"103":1,"106":0,"107":0,"108":0,"109":0,"111":0,"112":0,"114":0,"115":0,"116":0,"119":0,"120":0,"138":1,"139":0,"140":0,"142":0,"143":0,"144":0,"146":0,"147":0,"148":0,"149":0,"150":0,"152":0,"158":1,"159":0,"165":0,"168":0,"177":1,"178":0,"179":0,"182":0,"183":0,"191":1,"192":0,"193":0,"196":0,"197":0,"200":0,"201":0,"209":1,"210":0,"211":0,"212":0,"215":1,"216":0,"219":0,"220":0,"221":0,"222":0,"223":0,"224":0,"227":0,"234":0,"235":0,"237":0,"238":0,"241":0,"243":0,"251":1,"252":0,"254":1,"255":0,"258":1,"259":0,"262":1,"263":0,"266":1,"267":0,"270":1,"271":0,"274":1,"275":0,"276":0,"278":0,"281":1,"282":0,"283":0,"285":0,"288":1,"289":0,"290":0,"291":0,"292":0,"295":1,"297":0,"298":0,"301":0,"302":0,"303":0,"305":0,"308":0,"309":0,"310":0,"314":1,"315":0,"318":0,"331":0,"339":1,"340":0,"342":1,"343":0,"346":1,"347":0,"350":1,"351":0,"352":0,"355":1,"356":0,"357":0,"358":0,"361":1,"362":0,"363":0,"364":0,"367":1,"368":0,"369":0,"370":0,"373":1,"375":0,"376":0,"377":0,"378":0,"380":0,"383":0,"386":0,"387":0,"388":0,"392":0,"393":0,"394":0,"395":0,"396":0,"397":0,"398":0,"399":0,"400":0,"411":1,"412":0,"413":0,"415":0,"416":0,"418":0,"419":0,"421":0,"424":0,"431":1,"432":0,"433":0,"434":0,"436":0,"439":0,"440":0,"442":0,"445":0,"446":0,"448":0,"451":0,"457":1,"458":0,"459":0,"460":0,"466":1,"467":0,"468":0,"470":0,"476":1,"477":0,"478":0,"481":0,"482":0,"485":0,"486":0,"488":0,"496":1,"497":0,"499":0,"500":0,"501":0,"502":0,"504":0,"512":1,"513":0,"515":0,"516":0,"517":0,"524":1,"525":0,"527":0,"528":0,"529":0,"530":0,"532":0,"537":0,"540":0,"547":1,"548":0,"555":1,"556":0,"562":1,"563":0,"569":1,"570":0,"576":1,"577":0,"586":1,"587":0,"588":0,"589":0,"590":0,"593":0,"602":1,"603":0,"604":0,"605":0,"606":0,"609":0,"618":1,"619":0,"620":0,"621":0,"622":0,"625":0,"632":1,"633":0,"634":0,"641":0,"642":0,"644":0,"651":1,"655":0,"656":0,"657":0,"658":0,"661":0,"662":0,"665":0,"671":1,"672":0,"673":0,"675":1,"676":0,"677":0,"678":0,"681":1,"682":0,"683":0,"686":0,"687":0,"688":0,"694":1,"695":0,"696":0,"698":1,"699":0,"700":0,"701":0,"704":1,"705":0,"706":0,"707":0,"710":0,"711":0,"712":0,"720":1}}}